<9>Sep 28 17:38:24 CRB15000_5_95 ABB-UAL:01:Security log file deleted by user|-|syslog.log not found|3420|00001|-|robot|syslog	1
<13>Sep 28 17:38:26 CRB15000_5_95 ABB-UAL:01:Log-in successful|-|UAS_UID=65537|1110|00002|-|robot|NativeUser	2
<13>Sep 28 17:38:27 CRB15000_5_95 ABB-UAL:01:Log-in successful|-|UAS_UID=131074|1110|00003|-|robot|NativeUser	3
<13>Sep 28 17:38:28 CRB15000_5_95 ABB-UAL:01:Log-in successful|-|UAS_UID=196611|1110|00004|-|robot|NativeUser	4
<13>Sep 28 17:38:29 CRB15000_5_95 ABB-UAL:01:Log-in successful|-|UAS_UID=262148|1110|00005|-|robot|NativeUser	5
<13>Sep 28 17:38:29 CRB15000_5_95 ABB-UAL:01:Log-in successful|-|UAS_UID=327685|1110|00006|-|robot|NativeUser	6
<13>Sep 28 17:38:29 CRB15000_5_95 ABB-UAL:01:Log-in successful|-|UAS_UID=393222|1110|00007|-|robot|NativeUser	7
<13>Sep 28 17:38:31 CRB15000_5_95 ABB-UAL:01:Log-in successful|-|UAS_UID=458759|1110|00008|-|robot|Admin	8
<13>Sep 28 17:38:39 CRB15000_5_95 ABB-UAL:01:Log-in successful|-|UAS_UID=524296|1110|00009|-|robot|Admin	9
<13>Sep 28 17:44:39 CRB15000_5_95 ABB-UAL:01:Log-out (user logged out)|-|UAS_UID=524296|1210|00010|-|robot|	10
<13>Sep 28 17:52:01 CRB15000_5_95 ABB-UAL:01:Log-in successful|-|UAS_UID=589832|1110|00011|-|robot|Admin	11
<13>Oct  6 09:32:14 CRB15000_5_95 ABB-UAL:01:Log-in successful|-|UAS_UID=65537|1110|00012|-|robot|NativeUser	12
<13>Oct  6 09:32:15 CRB15000_5_95 ABB-UAL:01:Log-in successful|-|UAS_UID=131074|1110|00013|-|robot|NativeUser	13
<13>Oct  6 09:32:16 CRB15000_5_95 ABB-UAL:01:Log-in successful|-|UAS_UID=196611|1110|00014|-|robot|NativeUser	14
<13>Oct  6 09:32:16 CRB15000_5_95 ABB-UAL:01:Log-in successful|-|UAS_UID=262148|1110|00015|-|robot|NativeUser	15
<13>Oct  6 09:32:16 CRB15000_5_95 ABB-UAL:01:Log-in successful|-|UAS_UID=327685|1110|00016|-|robot|NativeUser	16
<13>Oct  6 09:32:16 CRB15000_5_95 ABB-UAL:01:Log-in successful|-|UAS_UID=393222|1110|00017|-|robot|NativeUser	17
<13>Oct  6 09:32:18 CRB15000_5_95 ABB-UAL:01:Log-in successful|-|UAS_UID=458759|1110|00018|-|robot|Admin	18
<13>Oct  6 09:32:27 CRB15000_5_95 ABB-UAL:01:Log-in successful|-|UAS_UID=524296|1110|00019|-|robot|Admin	19
<13>Oct  6 09:32:31 CRB15000_5_95 ABB-UAL:01:Log-in successful|-|UAS_UID=589833|1110|00020|-|robot|Default User	20
<13>Oct  6 09:32:31 CRB15000_5_95 ABB-UAL:01:Log-in successful|-|UAS_UID=655370|1110|00021|-|robot|Default User	21
<13>Oct  6 09:32:37 CRB15000_5_95 ABB-UAL:01:Log-out (user logged out)|-|Socket=6988|1210|00022|-|robot|	22
<13>Oct  6 09:32:44 CRB15000_5_95 ABB-UAL:01:Log-out (user logged out)|-|UAS_UID=524296|1210|00023|-|robot|	23
<13>Oct  6 09:32:44 CRB15000_5_95 ABB-UAL:01:Log-out (user logged out)|-|UAS_UID=458759|1210|00024|-|robot|	24
<13>Oct  6 09:32:44 CRB15000_5_95 ABB-UAL:01:Log-out (user logged out)|-|Socket=6868|1210|00025|-|robot|	25
<13>Oct 18 14:12:17 CRB15000_5_95 ABB-UAL:01:Log-in successful|-|UAS_UID=65537|1110|00026|-|robot|NativeUser	26
<13>Oct 18 14:12:18 CRB15000_5_95 ABB-UAL:01:Log-in successful|-|UAS_UID=131074|1110|00027|-|robot|NativeUser	27
<13>Oct 18 14:12:18 CRB15000_5_95 ABB-UAL:01:Log-in successful|-|UAS_UID=196611|1110|00028|-|robot|NativeUser	28
<13>Oct 18 14:12:18 CRB15000_5_95 ABB-UAL:01:Log-in successful|-|UAS_UID=262148|1110|00029|-|robot|NativeUser	29
<13>Oct 18 14:12:18 CRB15000_5_95 ABB-UAL:01:Log-in successful|-|UAS_UID=327685|1110|00030|-|robot|NativeUser	30
<13>Oct 18 14:12:18 CRB15000_5_95 ABB-UAL:01:Log-in successful|-|UAS_UID=393222|1110|00031|-|robot|NativeUser	31
<13>Oct 18 14:12:21 CRB15000_5_95 ABB-UAL:01:Log-in successful|-|UAS_UID=458759|1110|00032|-|robot|Admin	32
<13>Oct 18 14:12:29 CRB15000_5_95 ABB-UAL:01:Log-in successful|-|UAS_UID=524296|1110|00033|-|robot|Admin	33
<13>Oct 18 14:16:21 CRB15000_5_95 ABB-UAL:01:Control system restarted|-|mode=3|5150|00034|-|robot|458759	34
<13>Oct 18 14:16:25 CRB15000_5_95 ABB-UAL:01:Log-in successful|-|UAS_UID=65537|1110|00035|-|robot|NativeUser	35
<13>Oct 18 14:16:26 CRB15000_5_95 ABB-UAL:01:Log-in successful|-|UAS_UID=131074|1110|00036|-|robot|NativeUser	36
<13>Oct 18 14:16:26 CRB15000_5_95 ABB-UAL:01:Log-in successful|-|UAS_UID=196611|1110|00037|-|robot|NativeUser	37
<13>Oct 18 14:16:27 CRB15000_5_95 ABB-UAL:01:Log-in successful|-|UAS_UID=262148|1110|00038|-|robot|NativeUser	38
<13>Oct 18 14:16:27 CRB15000_5_95 ABB-UAL:01:Log-in successful|-|UAS_UID=327685|1110|00039|-|robot|NativeUser	39
<13>Oct 18 14:16:27 CRB15000_5_95 ABB-UAL:01:Log-in successful|-|UAS_UID=393222|1110|00040|-|robot|NativeUser	40
<13>Oct 18 14:16:31 CRB15000_5_95 ABB-UAL:01:Log-in successful|-|UAS_UID=458759|1110|00041|-|robot|Admin	41
<13>Oct 18 14:16:37 CRB15000_5_95 ABB-UAL:01:Log-in successful|-|UAS_UID=524296|1110|00042|-|robot|Admin	42
<13>Oct 18 14:20:44 CRB15000_5_95 ABB-UAL:01:Log-in successful|-|UAS_UID=589833|1110|00043|-|robot|Default User	43
<13>Oct 18 14:20:44 CRB15000_5_95 ABB-UAL:01:Log-in successful|-|UAS_UID=655370|1110|00044|-|robot|Default User	44
<13>Oct 18 14:21:22 CRB15000_5_95 ABB-UAL:01:Log-out (user logged out)|-|Socket=7148|1210|00045|-|robot|	45
<13>Oct 18 14:22:01 CRB15000_5_95 ABB-UAL:01:Control system restarted|-|restart warmstart|5150|00046|-|robot|458759	46
<13>Oct 18 14:22:04 CRB15000_5_95 ABB-UAL:01:Log-in successful|-|UAS_UID=65537|1110|00047|-|robot|NativeUser	47
<13>Oct 18 14:22:05 CRB15000_5_95 ABB-UAL:01:Log-in successful|-|UAS_UID=131074|1110|00048|-|robot|NativeUser	48
<13>Oct 18 14:22:05 CRB15000_5_95 ABB-UAL:01:Log-in successful|-|UAS_UID=196611|1110|00049|-|robot|NativeUser	49
<13>Oct 18 14:22:05 CRB15000_5_95 ABB-UAL:01:Log-in successful|-|UAS_UID=262148|1110|00050|-|robot|NativeUser	50
<13>Oct 18 14:22:05 CRB15000_5_95 ABB-UAL:01:Log-in successful|-|UAS_UID=327685|1110|00051|-|robot|NativeUser	51
<13>Oct 18 14:22:05 CRB15000_5_95 ABB-UAL:01:Log-in successful|-|UAS_UID=393222|1110|00052|-|robot|NativeUser	52
<13>Oct 18 14:22:09 CRB15000_5_95 ABB-UAL:01:Log-in successful|-|UAS_UID=458759|1110|00053|-|robot|Admin	53
<13>Oct 18 14:22:16 CRB15000_5_95 ABB-UAL:01:Log-in successful|-|UAS_UID=524296|1110|00054|-|robot|Admin	54
<13>Oct 18 14:22:17 CRB15000_5_95 ABB-UAL:01:Log-in successful|-|UAS_UID=589833|1110|00055|-|robot|Default User	55
<13>Oct 18 14:22:17 CRB15000_5_95 ABB-UAL:01:Log-in successful|-|UAS_UID=655370|1110|00056|-|robot|Default User	56
<13>Oct 18 14:23:20 CRB15000_5_95 ABB-UAL:01:Log-out (user logged out)|-|Socket=7196|1210|00057|-|robot|	57
<13>Oct 18 14:28:01 CRB15000_5_95 ABB-UAL:01:Control system restarted|-|restart warmstart|5150|00058|-|robot|458759	58
<13>Oct 18 14:28:03 CRB15000_5_95 ABB-UAL:01:Log-in successful|-|UAS_UID=65537|1110|00059|-|robot|NativeUser	59
<13>Oct 18 14:28:04 CRB15000_5_95 ABB-UAL:01:Log-in successful|-|UAS_UID=131074|1110|00060|-|robot|NativeUser	60
<13>Oct 18 14:28:05 CRB15000_5_95 ABB-UAL:01:Log-in successful|-|UAS_UID=196611|1110|00061|-|robot|NativeUser	61
<13>Oct 18 14:28:05 CRB15000_5_95 ABB-UAL:01:Log-in successful|-|UAS_UID=262148|1110|00062|-|robot|NativeUser	62
<13>Oct 18 14:28:05 CRB15000_5_95 ABB-UAL:01:Log-in successful|-|UAS_UID=327685|1110|00063|-|robot|NativeUser	63
<13>Oct 18 14:28:05 CRB15000_5_95 ABB-UAL:01:Log-in successful|-|UAS_UID=393222|1110|00064|-|robot|NativeUser	64
<13>Oct 18 14:28:09 CRB15000_5_95 ABB-UAL:01:Log-in successful|-|UAS_UID=458759|1110|00065|-|robot|Admin	65
<13>Oct 18 14:28:16 CRB15000_5_95 ABB-UAL:01:Log-in successful|-|UAS_UID=524296|1110|00066|-|robot|Admin	66
<13>Oct 18 14:28:51 CRB15000_5_95 ABB-UAL:01:Log-in successful|-|UAS_UID=589833|1110|00067|-|robot|Default User	67
<13>Oct 18 14:28:51 CRB15000_5_95 ABB-UAL:01:Log-in successful|-|UAS_UID=655370|1110|00068|-|robot|Default User	68
<13>Oct 18 14:29:13 CRB15000_5_95 ABB-UAL:01:Log-in successful|-|UAS_UID=720907|1110|00069|-|robot|NativeUser	69
<13>Oct 18 14:30:09 CRB15000_5_95 ABB-UAL:01:Log-out (user logged out)|-|Socket=184|1210|00070|-|robot|	70
<13>Oct 18 14:31:57 CRB15000_5_95 ABB-UAL:01:Log-out (user logged out)|-|UAS_UID=589833|1210|00071|-|robot|	71
<13>Oct 18 14:32:26 CRB15000_5_95 ABB-UAL:01:Log-in successful|-|UAS_UID=786441|1110|00072|-|robot|Default User	72
<13>Oct 18 14:32:26 CRB15000_5_95 ABB-UAL:01:Log-in successful|-|UAS_UID=851978|1110|00073|-|robot|Default User	73
<13>Oct 18 14:34:16 CRB15000_5_95 ABB-UAL:01:Log-out (user logged out)|-|UAS_UID=524296|1210|00074|-|robot|	74
<13>Oct 18 14:37:50 CRB15000_5_95 ABB-UAL:01:Log-out (user logged out)|-|Socket=7980|1210|00075|-|robot|	75
<13>Oct 18 14:43:16 CRB15000_5_95 ABB-UAL:01:Log-out (user logged out)|-|UAS_UID=786441|1210|00076|-|robot|	76
<13>Oct 18 14:43:55 CRB15000_5_95 ABB-UAL:01:Log-in successful|-|UAS_UID=917512|1110|00077|-|robot|Default User	77
<13>Oct 18 14:44:41 CRB15000_5_95 ABB-UAL:01:Log-in successful|-|UAS_UID=983049|1110|00078|-|robot|Default User	78
<13>Oct 18 14:44:41 CRB15000_5_95 ABB-UAL:01:Log-in successful|-|UAS_UID=1048586|1110|00079|-|robot|Default User	79
<13>Oct 18 14:50:53 CRB15000_5_95 ABB-UAL:01:Parameter changed successfully|-|CFG SIO domain, type UDPUC_HOST|1380|00080|-|robot|458759	80
<13>Oct 18 14:50:53 CRB15000_5_95 ABB-UAL:01:Parameter changed successfully|-|CFG SIO domain, type UDPUC_HOST|1380|00081|-|robot|458759	81
<13>Oct 18 14:50:53 CRB15000_5_95 ABB-UAL:01:Parameter changed successfully|-|CFG SIO domain, type UDPUC_HOST|1380|00082|-|robot|458759	82
<13>Oct 18 14:50:53 CRB15000_5_95 ABB-UAL:01:Parameter changed successfully|-|CFG SIO domain, type UDPUC_HOST|1380|00083|-|robot|458759	83
<13>Oct 18 14:50:53 CRB15000_5_95 ABB-UAL:01:Parameter changed successfully|-|CFG SIO domain, type UDPUC_HOST|1380|00084|-|robot|458759	84
<13>Oct 18 14:50:59 CRB15000_5_95 ABB-UAL:01:Control system restarted|-|restart warmstart|5150|00085|-|robot|458759	85
<13>Oct 18 14:50:59 CRB15000_5_95 ABB-UAL:01:Log-out (user logged out)|-|Socket=7116|1210|00086|-|robot|	86
<13>Oct 18 14:51:01 CRB15000_5_95 ABB-UAL:01:Log-in successful|-|UAS_UID=65537|1110|00087|-|robot|NativeUser	87
<13>Oct 18 14:51:02 CRB15000_5_95 ABB-UAL:01:Log-in successful|-|UAS_UID=131074|1110|00088|-|robot|NativeUser	88
<13>Oct 18 14:51:03 CRB15000_5_95 ABB-UAL:01:Log-in successful|-|UAS_UID=196611|1110|00089|-|robot|NativeUser	89
<13>Oct 18 14:51:03 CRB15000_5_95 ABB-UAL:01:Log-in successful|-|UAS_UID=262148|1110|00090|-|robot|NativeUser	90
<13>Oct 18 14:51:03 CRB15000_5_95 ABB-UAL:01:Log-in successful|-|UAS_UID=327685|1110|00091|-|robot|NativeUser	91
<13>Oct 18 14:51:03 CRB15000_5_95 ABB-UAL:01:Log-in successful|-|UAS_UID=393222|1110|00092|-|robot|NativeUser	92
<13>Oct 18 14:51:07 CRB15000_5_95 ABB-UAL:01:Log-in successful|-|UAS_UID=458759|1110|00093|-|robot|Admin	93
<13>Oct 18 14:51:14 CRB15000_5_95 ABB-UAL:01:Log-in successful|-|UAS_UID=524296|1110|00094|-|robot|Admin	94
<13>Oct 18 14:51:14 CRB15000_5_95 ABB-UAL:01:Log-in successful|-|UAS_UID=589833|1110|00095|-|robot|Default User	95
<13>Oct 18 14:51:14 CRB15000_5_95 ABB-UAL:01:Log-in successful|-|UAS_UID=655370|1110|00096|-|robot|Default User	96
<13>Oct 18 14:51:33 CRB15000_5_95 ABB-UAL:01:Log-out (user logged out)|-|Socket=7200|1210|00097|-|robot|	97
<13>Oct 18 14:53:28 CRB15000_5_95 ABB-UAL:01:Log-out (user logged out)|-|UAS_UID=589833|1210|00098|-|robot|	98
<13>Oct 18 14:53:30 CRB15000_5_95 ABB-UAL:01:Log-in successful|-|UAS_UID=720905|1110|00099|-|robot|Default User	99
<13>Oct 18 14:53:30 CRB15000_5_95 ABB-UAL:01:Log-in successful|-|UAS_UID=786442|1110|00100|-|robot|Default User	100
<13>Oct 18 14:54:29 CRB15000_5_95 ABB-UAL:01:Log-out (user logged out)|-|Socket=7116|1210|00101|-|robot|	101
<13>Oct 18 14:55:05 CRB15000_5_95 ABB-UAL:01:Log-out (user logged out)|-|UAS_UID=720905|1210|00102|-|robot|	102
<13>Oct 18 14:55:07 CRB15000_5_95 ABB-UAL:01:Log-in successful|-|UAS_UID=851977|1110|00103|-|robot|Default User	103
<13>Oct 18 14:55:08 CRB15000_5_95 ABB-UAL:01:Log-in successful|-|UAS_UID=917514|1110|00104|-|robot|Default User	104
<13>Oct 18 14:56:00 CRB15000_5_95 ABB-UAL:01:Log-out (user logged out)|-|Socket=2596|1210|00105|-|robot|	105
<13>Oct 18 14:57:13 CRB15000_5_95 ABB-UAL:01:Parameter changed successfully|-|CFG SIO domain, type UDPUC_HOST|1380|00106|-|robot|458759	106
<13>Oct 18 14:57:14 CRB15000_5_95 ABB-UAL:01:Log-out (user logged out)|-|UAS_UID=524296|1210|00107|-|robot|	107
<13>Oct 18 14:57:22 CRB15000_5_95 ABB-UAL:01:Control system restarted|-|restart warmstart|5150|00108|-|robot|458759	108
<13>Oct 18 14:57:25 CRB15000_5_95 ABB-UAL:01:Log-in successful|-|UAS_UID=65537|1110|00109|-|robot|NativeUser	109
<13>Oct 18 14:57:26 CRB15000_5_95 ABB-UAL:01:Log-in successful|-|UAS_UID=131074|1110|00110|-|robot|NativeUser	110
<13>Oct 18 14:57:27 CRB15000_5_95 ABB-UAL:01:Log-in successful|-|UAS_UID=196611|1110|00111|-|robot|NativeUser	111
<13>Oct 18 14:57:27 CRB15000_5_95 ABB-UAL:01:Log-in successful|-|UAS_UID=262148|1110|00112|-|robot|NativeUser	112
<13>Oct 18 14:57:27 CRB15000_5_95 ABB-UAL:01:Log-in successful|-|UAS_UID=327685|1110|00113|-|robot|NativeUser	113
<13>Oct 18 14:57:27 CRB15000_5_95 ABB-UAL:01:Log-in successful|-|UAS_UID=393222|1110|00114|-|robot|NativeUser	114
<13>Oct 18 14:57:30 CRB15000_5_95 ABB-UAL:01:Log-in successful|-|UAS_UID=458759|1110|00115|-|robot|Admin	115
<13>Oct 18 14:57:37 CRB15000_5_95 ABB-UAL:01:Log-in successful|-|UAS_UID=524296|1110|00116|-|robot|Admin	116
<13>Oct 18 14:57:38 CRB15000_5_95 ABB-UAL:01:Log-in successful|-|UAS_UID=589833|1110|00117|-|robot|Default User	117
<13>Oct 18 14:57:38 CRB15000_5_95 ABB-UAL:01:Log-in successful|-|UAS_UID=655370|1110|00118|-|robot|Default User	118
<13>Oct 18 14:58:32 CRB15000_5_95 ABB-UAL:01:Log-out (user logged out)|-|Socket=7200|1210|00119|-|robot|	119
<13>Oct 18 14:59:10 CRB15000_5_95 ABB-UAL:01:Log-in successful|-|UAS_UID=720906|1110|00120|-|robot|Default User	120
<13>Oct 18 14:59:10 CRB15000_5_95 ABB-UAL:01:Log-in successful|-|UAS_UID=786443|1110|00121|-|robot|Default User	121
<13>Oct 18 15:00:03 CRB15000_5_95 ABB-UAL:01:Log-out (user logged out)|-|Socket=8012|1210|00122|-|robot|	122
<13>Oct 18 15:00:11 CRB15000_5_95 ABB-UAL:01:Log-in successful|-|UAS_UID=851979|1110|00123|-|robot|Default User	123
<13>Oct 18 15:00:11 CRB15000_5_95 ABB-UAL:01:Log-in successful|-|UAS_UID=917516|1110|00124|-|robot|Default User	124
<13>Oct 18 15:01:30 CRB15000_5_95 ABB-UAL:01:Log-out (user logged out)|-|Socket=7212|1210|00125|-|robot|	125
<13>Oct 18 15:02:30 CRB15000_5_95 ABB-UAL:01:Parameter changed successfully|-|CFG SIO domain, type UDPUC_HOST|1380|00126|-|robot|458759	126
<13>Oct 18 15:02:39 CRB15000_5_95 ABB-UAL:01:Control system restarted|-|restart warmstart|5150|00127|-|robot|458759	127
<13>Oct 18 15:02:42 CRB15000_5_95 ABB-UAL:01:Log-in successful|-|UAS_UID=65537|1110|00128|-|robot|NativeUser	128
<13>Oct 18 15:02:42 CRB15000_5_95 ABB-UAL:01:Log-in successful|-|UAS_UID=131074|1110|00129|-|robot|NativeUser	129
<13>Oct 18 15:02:43 CRB15000_5_95 ABB-UAL:01:Log-in successful|-|UAS_UID=196611|1110|00130|-|robot|NativeUser	130
<13>Oct 18 15:02:43 CRB15000_5_95 ABB-UAL:01:Log-in successful|-|UAS_UID=262148|1110|00131|-|robot|NativeUser	131
<13>Oct 18 15:02:43 CRB15000_5_95 ABB-UAL:01:Log-in successful|-|UAS_UID=327685|1110|00132|-|robot|NativeUser	132
<13>Oct 18 15:02:43 CRB15000_5_95 ABB-UAL:01:Log-in successful|-|UAS_UID=393222|1110|00133|-|robot|NativeUser	133
<13>Oct 18 15:02:47 CRB15000_5_95 ABB-UAL:01:Log-in successful|-|UAS_UID=458759|1110|00134|-|robot|Admin	134
<13>Oct 18 15:02:54 CRB15000_5_95 ABB-UAL:01:Log-in successful|-|UAS_UID=524296|1110|00135|-|robot|Admin	135
<13>Oct 18 15:02:54 CRB15000_5_95 ABB-UAL:01:Log-in successful|-|UAS_UID=589833|1110|00136|-|robot|Default User	136
<13>Oct 18 15:02:54 CRB15000_5_95 ABB-UAL:01:Log-in successful|-|UAS_UID=655370|1110|00137|-|robot|Default User	137
<13>Oct 18 15:03:50 CRB15000_5_95 ABB-UAL:01:Log-out (user logged out)|-|Socket=7200|1210|00138|-|robot|	138
<13>Oct 18 15:03:59 CRB15000_5_95 ABB-UAL:01:Log-out (user logged out)|-|UAS_UID=589833|1210|00139|-|robot|	139
<13>Oct 18 15:04:02 CRB15000_5_95 ABB-UAL:01:Log-in successful|-|UAS_UID=720905|1110|00140|-|robot|Default User	140
<13>Oct 18 15:04:02 CRB15000_5_95 ABB-UAL:01:Log-in successful|-|UAS_UID=786442|1110|00141|-|robot|Default User	141
<13>Oct 18 15:04:20 CRB15000_5_95 ABB-UAL:01:Log-out (user logged out)|-|Socket=7212|1210|00142|-|robot|	142
<13>Oct 18 15:04:20 CRB15000_5_95 ABB-UAL:01:Log-out (user logged out)|-|UAS_UID=720905|1210|00143|-|robot|	143
<13>Oct 18 15:04:23 CRB15000_5_95 ABB-UAL:01:Log-in successful|-|UAS_UID=851977|1110|00144|-|robot|Default User	144
<13>Oct 18 15:04:23 CRB15000_5_95 ABB-UAL:01:Log-in successful|-|UAS_UID=917514|1110|00145|-|robot|Default User	145
<13>Oct 18 15:04:23 CRB15000_5_95 ABB-UAL:01:Log-in successful|-|UAS_UID=983051|1110|00146|-|robot|Default User	146
<13>Oct 18 15:04:23 CRB15000_5_95 ABB-UAL:01:Log-out (user logged out)|-|Socket=636|1210|00147|-|robot|	147
<13>Oct 18 15:04:36 CRB15000_5_95 ABB-UAL:01:Log-in successful|-|UAS_UID=1048586|1110|00148|-|robot|Default User	148
<13>Oct 18 15:04:36 CRB15000_5_95 ABB-UAL:01:Log-in successful|-|UAS_UID=1114124|1110|00149|-|robot|Default User	149
<13>Oct 18 15:08:54 CRB15000_5_95 ABB-UAL:01:Log-out (user logged out)|-|UAS_UID=524296|1210|00150|-|robot|	150
<13>Oct 18 15:09:54 CRB15000_5_95 ABB-UAL:01:Log-out (user logged out)|-|UAS_UID=983051|1210|00151|-|robot|	151
<13>Oct 18 15:26:35 CRB15000_5_95 ABB-UAL:01:Log-out (user logged out)|-|Socket=7116|1210|00152|-|robot|	152
<13>Oct 18 15:31:54 CRB15000_5_95 ABB-UAL:01:Log-out (user logged out)|-|UAS_UID=1048586|1210|00153|-|robot|	153
<13>Oct 18 16:26:02 CRB15000_5_95 ABB-UAL:01:Log-in successful|-|UAS_UID=1179656|1110|00154|-|robot|Default User	154
<13>Oct 18 16:26:05 CRB15000_5_95 ABB-UAL:01:Log-in successful|-|UAS_UID=1245194|1110|00155|-|robot|Default User	155
<13>Oct 18 16:26:05 CRB15000_5_95 ABB-UAL:01:Log-in successful|-|UAS_UID=1310731|1110|00156|-|robot|Default User	156
<13>Oct 18 17:13:43 CRB15000_5_95 ABB-UAL:01:Log-out (user logged out)|-|Socket=9376|1210|00157|-|robot|	157
<13>Oct 18 17:13:49 CRB15000_5_95 ABB-UAL:01:Log-in successful|-|UAS_UID=1376267|1110|00158|-|robot|Admin	158
<13>Oct 19 14:09:54 CRB15000_5_95 ABB-UAL:01:Log-in successful|-|UAS_UID=65537|1110|00159|-|robot|NativeUser	159
<13>Oct 19 14:09:55 CRB15000_5_95 ABB-UAL:01:Log-in successful|-|UAS_UID=131074|1110|00160|-|robot|NativeUser	160
<13>Oct 19 14:09:55 CRB15000_5_95 ABB-UAL:01:Log-in successful|-|UAS_UID=196611|1110|00161|-|robot|NativeUser	161
<13>Oct 19 14:09:55 CRB15000_5_95 ABB-UAL:01:Log-in successful|-|UAS_UID=262148|1110|00162|-|robot|NativeUser	162
<13>Oct 19 14:09:55 CRB15000_5_95 ABB-UAL:01:Log-in successful|-|UAS_UID=327685|1110|00163|-|robot|NativeUser	163
<13>Oct 19 14:09:55 CRB15000_5_95 ABB-UAL:01:Log-in successful|-|UAS_UID=393222|1110|00164|-|robot|NativeUser	164
<13>Oct 19 14:09:57 CRB15000_5_95 ABB-UAL:01:Log-in successful|-|UAS_UID=458759|1110|00165|-|robot|Admin	165
<13>Oct 19 14:10:06 CRB15000_5_95 ABB-UAL:01:Log-in successful|-|UAS_UID=524296|1110|00166|-|robot|Admin	166
<13>Oct 19 14:10:40 CRB15000_5_95 ABB-UAL:01:Log-in successful|-|UAS_UID=589833|1110|00167|-|robot|Default User	167
<13>Oct 19 14:10:40 CRB15000_5_95 ABB-UAL:01:Log-in successful|-|UAS_UID=655370|1110|00168|-|robot|Default User	168
<13>Oct 19 14:16:06 CRB15000_5_95 ABB-UAL:01:Log-out (user logged out)|-|UAS_UID=524296|1210|00169|-|robot|	169
<13>Oct 19 14:35:46 CRB15000_5_95 ABB-UAL:01:Log-out (user logged out)|-|Socket=568|1210|00170|-|robot|	170
<13>Oct 19 14:36:01 CRB15000_5_95 ABB-UAL:01:Control system restarted|-|restart warmstart|5150|00171|-|robot|458759	171
<13>Oct 19 14:36:04 CRB15000_5_95 ABB-UAL:01:Log-in successful|-|UAS_UID=65537|1110|00172|-|robot|NativeUser	172
<13>Oct 19 14:36:05 CRB15000_5_95 ABB-UAL:01:Log-in successful|-|UAS_UID=131074|1110|00173|-|robot|NativeUser	173
<13>Oct 19 14:36:05 CRB15000_5_95 ABB-UAL:01:Log-in successful|-|UAS_UID=196611|1110|00174|-|robot|NativeUser	174
<13>Oct 19 14:36:05 CRB15000_5_95 ABB-UAL:01:Log-in successful|-|UAS_UID=262148|1110|00175|-|robot|NativeUser	175
<13>Oct 19 14:36:05 CRB15000_5_95 ABB-UAL:01:Log-in successful|-|UAS_UID=327685|1110|00176|-|robot|NativeUser	176
<13>Oct 19 14:36:05 CRB15000_5_95 ABB-UAL:01:Log-in successful|-|UAS_UID=393222|1110|00177|-|robot|NativeUser	177
<13>Oct 19 14:36:09 CRB15000_5_95 ABB-UAL:01:Log-in successful|-|UAS_UID=458759|1110|00178|-|robot|Admin	178
<13>Oct 19 14:36:16 CRB15000_5_95 ABB-UAL:01:Log-in successful|-|UAS_UID=524296|1110|00179|-|robot|Admin	179
<13>Oct 19 14:37:06 CRB15000_5_95 ABB-UAL:01:Log-in successful|-|UAS_UID=589833|1110|00180|-|robot|Default User	180
<13>Oct 19 14:37:06 CRB15000_5_95 ABB-UAL:01:Log-in successful|-|UAS_UID=655370|1110|00181|-|robot|Default User	181
<13>Oct 19 14:42:16 CRB15000_5_95 ABB-UAL:01:Log-out (user logged out)|-|UAS_UID=524296|1210|00182|-|robot|	182
<13>Oct 19 15:07:58 CRB15000_5_95 ABB-UAL:01:Control system restarted|-|restart warmstart|5150|00183|-|robot|458759	183
<13>Oct 19 15:08:02 CRB15000_5_95 ABB-UAL:01:Log-in successful|-|UAS_UID=65537|1110|00184|-|robot|NativeUser	184
<13>Oct 19 15:08:02 CRB15000_5_95 ABB-UAL:01:Log-in successful|-|UAS_UID=131074|1110|00185|-|robot|NativeUser	185
<13>Oct 19 15:08:03 CRB15000_5_95 ABB-UAL:01:Log-in successful|-|UAS_UID=196611|1110|00186|-|robot|NativeUser	186
<13>Oct 19 15:08:03 CRB15000_5_95 ABB-UAL:01:Log-in successful|-|UAS_UID=262148|1110|00187|-|robot|NativeUser	187
<13>Oct 19 15:08:03 CRB15000_5_95 ABB-UAL:01:Log-in successful|-|UAS_UID=327685|1110|00188|-|robot|NativeUser	188
<13>Oct 19 15:08:03 CRB15000_5_95 ABB-UAL:01:Log-in successful|-|UAS_UID=393222|1110|00189|-|robot|NativeUser	189
<13>Oct 19 15:08:07 CRB15000_5_95 ABB-UAL:01:Log-in successful|-|UAS_UID=458759|1110|00190|-|robot|Admin	190
<13>Oct 19 15:08:14 CRB15000_5_95 ABB-UAL:01:Log-in successful|-|UAS_UID=524296|1110|00191|-|robot|Admin	191
<13>Oct 19 15:08:14 CRB15000_5_95 ABB-UAL:01:Log-in successful|-|UAS_UID=589833|1110|00192|-|robot|Default User	192
<13>Oct 19 15:08:15 CRB15000_5_95 ABB-UAL:01:Log-in successful|-|UAS_UID=655370|1110|00193|-|robot|Default User	193
<13>Oct 19 15:14:14 CRB15000_5_95 ABB-UAL:01:Log-out (user logged out)|-|UAS_UID=524296|1210|00194|-|robot|	194
<13>Oct 19 15:14:57 CRB15000_5_95 ABB-UAL:01:Control system restarted|-|restart warmstart|5150|00195|-|robot|458759	195
<13>Oct 19 15:14:58 CRB15000_5_95 ABB-UAL:01:Log-out (user logged out)|-|Socket=7200|1210|00196|-|robot|	196
<13>Oct 19 15:15:00 CRB15000_5_95 ABB-UAL:01:Log-in successful|-|UAS_UID=65537|1110|00197|-|robot|NativeUser	197
<13>Oct 19 15:15:01 CRB15000_5_95 ABB-UAL:01:Log-in successful|-|UAS_UID=131074|1110|00198|-|robot|NativeUser	198
<13>Oct 19 15:15:02 CRB15000_5_95 ABB-UAL:01:Log-in successful|-|UAS_UID=196611|1110|00199|-|robot|NativeUser	199
<13>Oct 19 15:15:02 CRB15000_5_95 ABB-UAL:01:Log-in successful|-|UAS_UID=262148|1110|00200|-|robot|NativeUser	200
<13>Oct 19 15:15:02 CRB15000_5_95 ABB-UAL:01:Log-in successful|-|UAS_UID=327685|1110|00201|-|robot|NativeUser	201
<13>Oct 19 15:15:02 CRB15000_5_95 ABB-UAL:01:Log-in successful|-|UAS_UID=393222|1110|00202|-|robot|NativeUser	202
<13>Oct 19 15:15:05 CRB15000_5_95 ABB-UAL:01:Log-in successful|-|UAS_UID=458759|1110|00203|-|robot|Admin	203
<13>Oct 19 15:15:13 CRB15000_5_95 ABB-UAL:01:Log-in successful|-|UAS_UID=524296|1110|00204|-|robot|Admin	204
<13>Oct 19 15:15:13 CRB15000_5_95 ABB-UAL:01:Log-in successful|-|UAS_UID=589833|1110|00205|-|robot|Default User	205
<13>Oct 19 15:15:13 CRB15000_5_95 ABB-UAL:01:Log-in successful|-|UAS_UID=655370|1110|00206|-|robot|Default User	206
<13>Oct 19 15:21:13 CRB15000_5_95 ABB-UAL:01:Log-out (user logged out)|-|UAS_UID=524296|1210|00207|-|robot|	207
<13>Oct 19 15:28:59 CRB15000_5_95 ABB-UAL:01:Log-out (user logged out)|-|Socket=7200|1210|00208|-|robot|	208
<13>Oct 19 15:29:12 CRB15000_5_95 ABB-UAL:01:Control system restarted|-|restart warmstart|5150|00209|-|robot|458759	209
<13>Oct 19 15:29:15 CRB15000_5_95 ABB-UAL:01:Log-in successful|-|UAS_UID=65537|1110|00210|-|robot|NativeUser	210
<13>Oct 19 15:29:16 CRB15000_5_95 ABB-UAL:01:Log-in successful|-|UAS_UID=131074|1110|00211|-|robot|NativeUser	211
<13>Oct 19 15:29:16 CRB15000_5_95 ABB-UAL:01:Log-in successful|-|UAS_UID=196611|1110|00212|-|robot|NativeUser	212
<13>Oct 19 15:29:16 CRB15000_5_95 ABB-UAL:01:Log-in successful|-|UAS_UID=262148|1110|00213|-|robot|NativeUser	213
<13>Oct 19 15:29:16 CRB15000_5_95 ABB-UAL:01:Log-in successful|-|UAS_UID=327685|1110|00214|-|robot|NativeUser	214
<13>Oct 19 15:29:16 CRB15000_5_95 ABB-UAL:01:Log-in successful|-|UAS_UID=393222|1110|00215|-|robot|NativeUser	215
<13>Oct 19 15:29:20 CRB15000_5_95 ABB-UAL:01:Log-in successful|-|UAS_UID=458759|1110|00216|-|robot|Admin	216
<13>Oct 19 15:29:27 CRB15000_5_95 ABB-UAL:01:Log-in successful|-|UAS_UID=524296|1110|00217|-|robot|Admin	217
<13>Oct 19 15:31:44 CRB15000_5_95 ABB-UAL:01:Log-in successful|-|UAS_UID=589833|1110|00218|-|robot|Default User	218
<13>Oct 19 15:31:44 CRB15000_5_95 ABB-UAL:01:Log-in successful|-|UAS_UID=655370|1110|00219|-|robot|Default User	219
<13>Oct 19 15:33:33 CRB15000_5_95 ABB-UAL:01:Log-out (user logged out)|-|Socket=2592|1210|00220|-|robot|	220
<13>Oct 19 15:33:41 CRB15000_5_95 ABB-UAL:01:Control system restarted|-|restart warmstart|5150|00221|-|robot|458759	221
<13>Oct 19 15:33:44 CRB15000_5_95 ABB-UAL:01:Log-in successful|-|UAS_UID=65537|1110|00222|-|robot|NativeUser	222
<13>Oct 19 15:33:45 CRB15000_5_95 ABB-UAL:01:Log-in successful|-|UAS_UID=131074|1110|00223|-|robot|NativeUser	223
<13>Oct 19 15:33:46 CRB15000_5_95 ABB-UAL:01:Log-in successful|-|UAS_UID=196611|1110|00224|-|robot|NativeUser	224
<13>Oct 19 15:33:46 CRB15000_5_95 ABB-UAL:01:Log-in successful|-|UAS_UID=262148|1110|00225|-|robot|NativeUser	225
<13>Oct 19 15:33:46 CRB15000_5_95 ABB-UAL:01:Log-in successful|-|UAS_UID=327685|1110|00226|-|robot|NativeUser	226
<13>Oct 19 15:33:46 CRB15000_5_95 ABB-UAL:01:Log-in successful|-|UAS_UID=393222|1110|00227|-|robot|NativeUser	227
<13>Oct 19 15:33:49 CRB15000_5_95 ABB-UAL:01:Log-in successful|-|UAS_UID=458759|1110|00228|-|robot|Admin	228
<13>Oct 19 15:33:56 CRB15000_5_95 ABB-UAL:01:Log-in successful|-|UAS_UID=524296|1110|00229|-|robot|Admin	229
<13>Oct 19 15:34:11 CRB15000_5_95 ABB-UAL:01:Log-in successful|-|UAS_UID=589833|1110|00230|-|robot|Default User	230
<13>Oct 19 15:34:11 CRB15000_5_95 ABB-UAL:01:Log-in successful|-|UAS_UID=655370|1110|00231|-|robot|Default User	231
<13>Oct 19 15:38:01 CRB15000_5_95 ABB-UAL:01:Log-out (user logged out)|-|Socket=7200|1210|00232|-|robot|	232
<13>Oct 19 15:39:56 CRB15000_5_95 ABB-UAL:01:Log-out (user logged out)|-|UAS_UID=524296|1210|00233|-|robot|	233
<13>Oct 19 15:41:19 CRB15000_5_95 ABB-UAL:01:Log-in successful|-|UAS_UID=720904|1110|00234|-|robot|Default User	234
<13>Oct 19 15:41:19 CRB15000_5_95 ABB-UAL:01:Log-in successful|-|UAS_UID=786442|1110|00235|-|robot|Default User	235
<13>Oct 19 15:42:56 CRB15000_5_95 ABB-UAL:01:Log-out (user logged out)|-|UAS_UID=589833|1210|00236|-|robot|	236
<13>Oct 19 15:48:55 CRB15000_5_95 ABB-UAL:01:Log-out (user logged out)|-|Socket=7220|1210|00237|-|robot|	237
<13>Oct 19 15:49:01 CRB15000_5_95 ABB-UAL:01:Control system restarted|-|restart warmstart|5150|00238|-|robot|458759	238
<13>Oct 19 15:49:04 CRB15000_5_95 ABB-UAL:01:Log-in successful|-|UAS_UID=65537|1110|00239|-|robot|NativeUser	239
<13>Oct 19 15:49:05 CRB15000_5_95 ABB-UAL:01:Log-in successful|-|UAS_UID=131074|1110|00240|-|robot|NativeUser	240
<13>Oct 19 15:49:05 CRB15000_5_95 ABB-UAL:01:Log-in successful|-|UAS_UID=196611|1110|00241|-|robot|NativeUser	241
<13>Oct 19 15:49:05 CRB15000_5_95 ABB-UAL:01:Log-in successful|-|UAS_UID=262148|1110|00242|-|robot|NativeUser	242
<13>Oct 19 15:49:05 CRB15000_5_95 ABB-UAL:01:Log-in successful|-|UAS_UID=327685|1110|00243|-|robot|NativeUser	243
<13>Oct 19 15:49:05 CRB15000_5_95 ABB-UAL:01:Log-in successful|-|UAS_UID=393222|1110|00244|-|robot|NativeUser	244
<13>Oct 19 15:49:09 CRB15000_5_95 ABB-UAL:01:Log-in successful|-|UAS_UID=458759|1110|00245|-|robot|Admin	245
<13>Oct 19 15:49:16 CRB15000_5_95 ABB-UAL:01:Log-in successful|-|UAS_UID=524296|1110|00246|-|robot|Admin	246
<13>Oct 19 15:49:32 CRB15000_5_95 ABB-UAL:01:Log-in successful|-|UAS_UID=589833|1110|00247|-|robot|Default User	247
<13>Oct 19 15:49:32 CRB15000_5_95 ABB-UAL:01:Log-in successful|-|UAS_UID=655370|1110|00248|-|robot|Default User	248
<13>Oct 19 15:53:13 CRB15000_5_95 ABB-UAL:01:Log-out (user logged out)|-|Socket=568|1210|00249|-|robot|	249
<13>Oct 19 15:53:17 CRB15000_5_95 ABB-UAL:01:Log-in successful|-|UAS_UID=720906|1110|00250|-|robot|Default User	250
<13>Oct 19 15:53:17 CRB15000_5_95 ABB-UAL:01:Log-in successful|-|UAS_UID=786443|1110|00251|-|robot|Default User	251
<13>Oct 19 15:53:27 CRB15000_5_95 ABB-UAL:01:Log-out (user logged out)|-|Socket=7208|1210|00252|-|robot|	252
<13>Oct 19 15:53:32 CRB15000_5_95 ABB-UAL:01:Log-in successful|-|UAS_UID=851979|1110|00253|-|robot|Default User	253
<13>Oct 19 15:53:32 CRB15000_5_95 ABB-UAL:01:Log-in successful|-|UAS_UID=917516|1110|00254|-|robot|Default User	254
<13>Oct 19 15:55:16 CRB15000_5_95 ABB-UAL:01:Log-out (user logged out)|-|UAS_UID=524296|1210|00255|-|robot|	255
<13>Oct 19 15:57:22 CRB15000_5_95 ABB-UAL:01:Log-out (user logged out)|-|Socket=8852|1210|00256|-|robot|	256
<13>Oct 19 15:58:16 CRB15000_5_95 ABB-UAL:01:Log-out (user logged out)|-|UAS_UID=589833|1210|00257|-|robot|	257
<13>Oct 19 15:59:16 CRB15000_5_95 ABB-UAL:01:Log-out (user logged out)|-|UAS_UID=720906|1210|00258|-|robot|	258
<13>Oct 19 16:02:16 CRB15000_5_95 ABB-UAL:01:Log-out (user logged out)|-|UAS_UID=851979|1210|00259|-|robot|	259
<13>Oct 19 17:08:35 CRB15000_5_95 ABB-UAL:01:Log-in successful|-|UAS_UID=983048|1110|00260|-|robot|Admin	260
<13>Oct 25 14:35:24 CRB15000_5_95 ABB-UAL:01:Log-in successful|-|UAS_UID=65537|1110|00261|-|robot|NativeUser	261
<13>Oct 25 14:35:24 CRB15000_5_95 ABB-UAL:01:Log-in successful|-|UAS_UID=131074|1110|00262|-|robot|NativeUser	262
<13>Oct 25 14:35:25 CRB15000_5_95 ABB-UAL:01:Log-in successful|-|UAS_UID=196611|1110|00263|-|robot|NativeUser	263
<13>Oct 25 14:35:25 CRB15000_5_95 ABB-UAL:01:Log-in successful|-|UAS_UID=262148|1110|00264|-|robot|NativeUser	264
<13>Oct 25 14:35:25 CRB15000_5_95 ABB-UAL:01:Log-in successful|-|UAS_UID=327685|1110|00265|-|robot|NativeUser	265
<13>Oct 25 14:35:25 CRB15000_5_95 ABB-UAL:01:Log-in successful|-|UAS_UID=393222|1110|00266|-|robot|NativeUser	266
<13>Oct 25 14:35:27 CRB15000_5_95 ABB-UAL:01:Log-in successful|-|UAS_UID=458759|1110|00267|-|robot|Admin	267
<13>Oct 25 14:35:36 CRB15000_5_95 ABB-UAL:01:Log-in successful|-|UAS_UID=524296|1110|00268|-|robot|Admin	268
<13>Oct 25 14:38:40 CRB15000_5_95 ABB-UAL:01:Log-in successful|-|UAS_UID=589833|1110|00269|-|robot|Default User	269
<13>Oct 25 14:38:40 CRB15000_5_95 ABB-UAL:01:Log-in successful|-|UAS_UID=655370|1110|00270|-|robot|Default User	270
<13>Oct 25 14:41:36 CRB15000_5_95 ABB-UAL:01:Log-out (user logged out)|-|UAS_UID=524296|1210|00271|-|robot|	271
<13>Oct 25 14:42:46 CRB15000_5_95 ABB-UAL:01:Log-out (user logged out)|-|Socket=6036|1210|00272|-|robot|	272
<13>Oct 25 14:44:58 CRB15000_5_95 ABB-UAL:01:Log-in successful|-|UAS_UID=720904|1110|00273|-|robot|Default User	273
<13>Oct 25 14:44:58 CRB15000_5_95 ABB-UAL:01:Log-in successful|-|UAS_UID=786442|1110|00274|-|robot|Default User	274
<13>Oct 25 14:48:36 CRB15000_5_95 ABB-UAL:01:Log-out (user logged out)|-|UAS_UID=589833|1210|00275|-|robot|	275
<13>Oct 25 15:20:13 CRB15000_5_95 ABB-UAL:01:Log-out (user logged out)|-|Socket=7932|1210|00276|-|robot|	276
<13>Oct 25 15:20:22 CRB15000_5_95 ABB-UAL:01:Control system restarted|-|restart warmstart|5150|00277|-|robot|458759	277
<13>Oct 25 15:20:25 CRB15000_5_95 ABB-UAL:01:Log-in successful|-|UAS_UID=65537|1110|00278|-|robot|NativeUser	278
<13>Oct 25 15:20:26 CRB15000_5_95 ABB-UAL:01:Log-in successful|-|UAS_UID=131074|1110|00279|-|robot|NativeUser	279
<13>Oct 25 15:20:26 CRB15000_5_95 ABB-UAL:01:Log-in successful|-|UAS_UID=196611|1110|00280|-|robot|NativeUser	280
<13>Oct 25 15:20:26 CRB15000_5_95 ABB-UAL:01:Log-in successful|-|UAS_UID=262148|1110|00281|-|robot|NativeUser	281
<13>Oct 25 15:20:26 CRB15000_5_95 ABB-UAL:01:Log-in successful|-|UAS_UID=327685|1110|00282|-|robot|NativeUser	282
<13>Oct 25 15:20:26 CRB15000_5_95 ABB-UAL:01:Log-in successful|-|UAS_UID=393222|1110|00283|-|robot|NativeUser	283
<13>Oct 25 15:20:30 CRB15000_5_95 ABB-UAL:01:Log-in successful|-|UAS_UID=458759|1110|00284|-|robot|Admin	284
<13>Oct 25 15:20:37 CRB15000_5_95 ABB-UAL:01:Log-in successful|-|UAS_UID=524296|1110|00285|-|robot|Admin	285
<13>Oct 25 15:21:17 CRB15000_5_95 ABB-UAL:01:Log-in successful|-|UAS_UID=589833|1110|00286|-|robot|Default User	286
<13>Oct 25 15:21:17 CRB15000_5_95 ABB-UAL:01:Log-in successful|-|UAS_UID=655370|1110|00287|-|robot|Default User	287
<13>Oct 25 15:26:37 CRB15000_5_95 ABB-UAL:01:Log-out (user logged out)|-|UAS_UID=524296|1210|00288|-|robot|	288
<13>Oct 25 16:05:18 CRB15000_5_95 ABB-UAL:01:Log-out (user logged out)|-|Socket=568|1210|00289|-|robot|	289
<13>Oct 25 16:09:02 CRB15000_5_95 ABB-UAL:01:Log-out (user logged out)|-|UAS_UID=589833|1210|00290|-|robot|	290
<13>Oct 25 16:09:19 CRB15000_5_95 ABB-UAL:01:Log-in successful|-|UAS_UID=720904|1110|00291|-|robot|Default User	291
<13>Oct 25 16:09:19 CRB15000_5_95 ABB-UAL:01:Log-in successful|-|UAS_UID=786441|1110|00292|-|robot|Default User	292
<13>Oct 25 16:15:20 CRB15000_5_95 ABB-UAL:01:Log-out (user logged out)|-|Socket=7216|1210|00293|-|robot|	293
<13>Oct 25 16:16:49 CRB15000_5_95 ABB-UAL:01:Log-out (user logged out)|-|UAS_UID=720904|1210|00294|-|robot|	294
<13>Oct 25 16:16:53 CRB15000_5_95 ABB-UAL:01:Log-in successful|-|UAS_UID=851976|1110|00295|-|robot|Default User	295
<13>Oct 25 16:16:53 CRB15000_5_95 ABB-UAL:01:Log-in successful|-|UAS_UID=917513|1110|00296|-|robot|Default User	296
<13>Oct 25 16:21:39 CRB15000_5_95 ABB-UAL:01:Control system restarted|-|restart warmstart|5150|00297|-|robot|458759	297
<13>Oct 25 16:21:42 CRB15000_5_95 ABB-UAL:01:Log-in successful|-|UAS_UID=65537|1110|00298|-|robot|NativeUser	298
<13>Oct 25 16:21:43 CRB15000_5_95 ABB-UAL:01:Log-in successful|-|UAS_UID=131074|1110|00299|-|robot|NativeUser	299
<13>Oct 25 16:21:43 CRB15000_5_95 ABB-UAL:01:Log-in successful|-|UAS_UID=196611|1110|00300|-|robot|NativeUser	300
<13>Oct 25 16:21:43 CRB15000_5_95 ABB-UAL:01:Log-in successful|-|UAS_UID=262148|1110|00301|-|robot|NativeUser	301
<13>Oct 25 16:21:43 CRB15000_5_95 ABB-UAL:01:Log-in successful|-|UAS_UID=327685|1110|00302|-|robot|NativeUser	302
<13>Oct 25 16:21:43 CRB15000_5_95 ABB-UAL:01:Log-in successful|-|UAS_UID=393222|1110|00303|-|robot|NativeUser	303
<13>Oct 25 16:21:47 CRB15000_5_95 ABB-UAL:01:Log-in successful|-|UAS_UID=458759|1110|00304|-|robot|Admin	304
<13>Oct 25 16:21:54 CRB15000_5_95 ABB-UAL:01:Log-in successful|-|UAS_UID=524296|1110|00305|-|robot|Admin	305
<13>Oct 25 16:21:55 CRB15000_5_95 ABB-UAL:01:Log-in successful|-|UAS_UID=589833|1110|00306|-|robot|Default User	306
<13>Oct 25 16:21:55 CRB15000_5_95 ABB-UAL:01:Log-in successful|-|UAS_UID=655370|1110|00307|-|robot|Default User	307
<13>Oct 25 16:24:36 CRB15000_5_95 ABB-UAL:01:Log-out (user logged out)|-|Socket=7200|1210|00308|-|robot|	308
<13>Oct 25 16:27:54 CRB15000_5_95 ABB-UAL:01:Log-out (user logged out)|-|UAS_UID=524296|1210|00309|-|robot|	309
<13>Oct 25 16:29:54 CRB15000_5_95 ABB-UAL:01:Log-out (user logged out)|-|UAS_UID=589833|1210|00310|-|robot|	310
<13>Oct 25 17:03:23 CRB15000_5_95 ABB-UAL:01:Log-in successful|-|UAS_UID=720904|1110|00311|-|robot|Admin	311
<13>Oct 26 15:15:06 CRB15000_5_95 ABB-UAL:01:Log-in successful|-|UAS_UID=65537|1110|00312|-|robot|NativeUser	312
<13>Oct 26 15:15:07 CRB15000_5_95 ABB-UAL:01:Log-in successful|-|UAS_UID=131074|1110|00313|-|robot|NativeUser	313
<13>Oct 26 15:15:08 CRB15000_5_95 ABB-UAL:01:Log-in successful|-|UAS_UID=196611|1110|00314|-|robot|NativeUser	314
<13>Oct 26 15:15:08 CRB15000_5_95 ABB-UAL:01:Log-in successful|-|UAS_UID=262148|1110|00315|-|robot|NativeUser	315
<13>Oct 26 15:15:08 CRB15000_5_95 ABB-UAL:01:Log-in successful|-|UAS_UID=327685|1110|00316|-|robot|NativeUser	316
<13>Oct 26 15:15:08 CRB15000_5_95 ABB-UAL:01:Log-in successful|-|UAS_UID=393222|1110|00317|-|robot|NativeUser	317
<13>Oct 26 15:15:10 CRB15000_5_95 ABB-UAL:01:Log-in successful|-|UAS_UID=458759|1110|00318|-|robot|Admin	318
<13>Oct 26 15:15:19 CRB15000_5_95 ABB-UAL:01:Log-in successful|-|UAS_UID=524296|1110|00319|-|robot|Admin	319
<13>Oct 26 15:17:06 CRB15000_5_95 ABB-UAL:01:Log-in successful|-|UAS_UID=589833|1110|00320|-|robot|Default User	320
<13>Oct 26 15:17:06 CRB15000_5_95 ABB-UAL:01:Log-in successful|-|UAS_UID=655370|1110|00321|-|robot|Default User	321
<13>Oct 26 15:21:19 CRB15000_5_95 ABB-UAL:01:Log-out (user logged out)|-|UAS_UID=524296|1210|00322|-|robot|	322
<13>Oct 26 15:42:34 CRB15000_5_95 ABB-UAL:01:Log-out (user logged out)|-|Socket=7120|1210|00323|-|robot|	323
<13>Oct 26 15:45:12 CRB15000_5_95 ABB-UAL:01:Log-out (user logged out)|-|UAS_UID=589833|1210|00324|-|robot|	324
<13>Oct 26 15:45:14 CRB15000_5_95 ABB-UAL:01:Log-in successful|-|UAS_UID=720904|1110|00325|-|robot|Default User	325
<13>Oct 26 15:45:14 CRB15000_5_95 ABB-UAL:01:Log-in successful|-|UAS_UID=786441|1110|00326|-|robot|Default User	326
<13>Oct 26 15:47:57 CRB15000_5_95 ABB-UAL:01:Log-out (user logged out)|-|Socket=7204|1210|00327|-|robot|	327
<13>Oct 26 15:48:08 CRB15000_5_95 ABB-UAL:01:Log-in successful|-|UAS_UID=851977|1110|00328|-|robot|Default User	328
<13>Oct 26 15:48:08 CRB15000_5_95 ABB-UAL:01:Log-in successful|-|UAS_UID=917514|1110|00329|-|robot|Default User	329
<13>Oct 26 15:49:08 CRB15000_5_95 ABB-UAL:01:Control system restarted|-|restart warmstart|5150|00330|-|robot|458759	330
<13>Oct 26 15:49:11 CRB15000_5_95 ABB-UAL:01:Log-in successful|-|UAS_UID=65537|1110|00331|-|robot|NativeUser	331
<13>Oct 26 15:49:12 CRB15000_5_95 ABB-UAL:01:Log-in successful|-|UAS_UID=131074|1110|00332|-|robot|NativeUser	332
<13>Oct 26 15:49:12 CRB15000_5_95 ABB-UAL:01:Log-in successful|-|UAS_UID=196611|1110|00333|-|robot|NativeUser	333
<13>Oct 26 15:49:13 CRB15000_5_95 ABB-UAL:01:Log-in successful|-|UAS_UID=262148|1110|00334|-|robot|NativeUser	334
<13>Oct 26 15:49:13 CRB15000_5_95 ABB-UAL:01:Log-in successful|-|UAS_UID=327685|1110|00335|-|robot|NativeUser	335
<13>Oct 26 15:49:13 CRB15000_5_95 ABB-UAL:01:Log-in successful|-|UAS_UID=393222|1110|00336|-|robot|NativeUser	336
<13>Oct 26 15:49:16 CRB15000_5_95 ABB-UAL:01:Log-in successful|-|UAS_UID=458759|1110|00337|-|robot|Admin	337
<13>Oct 26 15:49:23 CRB15000_5_95 ABB-UAL:01:Log-in successful|-|UAS_UID=524296|1110|00338|-|robot|Admin	338
<13>Oct 26 15:49:24 CRB15000_5_95 ABB-UAL:01:Log-in successful|-|UAS_UID=589833|1110|00339|-|robot|Default User	339
<13>Oct 26 15:49:24 CRB15000_5_95 ABB-UAL:01:Log-in successful|-|UAS_UID=655370|1110|00340|-|robot|Default User	340
<13>Oct 26 15:55:23 CRB15000_5_95 ABB-UAL:01:Log-out (user logged out)|-|UAS_UID=524296|1210|00341|-|robot|	341
<13>Oct 26 17:03:43 CRB15000_5_95 ABB-UAL:01:Log-out (user logged out)|-|Socket=7200|1210|00342|-|robot|	342
<13>Oct 26 17:03:48 CRB15000_5_95 ABB-UAL:01:Log-in successful|-|UAS_UID=720904|1110|00343|-|robot|Admin	343
<13>Oct 27 12:34:02 CRB15000_5_95 ABB-UAL:01:Log-in successful|-|UAS_UID=65537|1110|00344|-|robot|NativeUser	344
<13>Oct 27 12:34:02 CRB15000_5_95 ABB-UAL:01:Log-in successful|-|UAS_UID=131074|1110|00345|-|robot|NativeUser	345
<13>Oct 27 12:34:03 CRB15000_5_95 ABB-UAL:01:Log-in successful|-|UAS_UID=196611|1110|00346|-|robot|NativeUser	346
<13>Oct 27 12:34:03 CRB15000_5_95 ABB-UAL:01:Log-in successful|-|UAS_UID=262148|1110|00347|-|robot|NativeUser	347
<13>Oct 27 12:34:03 CRB15000_5_95 ABB-UAL:01:Log-in successful|-|UAS_UID=327685|1110|00348|-|robot|NativeUser	348
<13>Oct 27 12:34:03 CRB15000_5_95 ABB-UAL:01:Log-in successful|-|UAS_UID=393222|1110|00349|-|robot|NativeUser	349
<13>Oct 27 12:34:05 CRB15000_5_95 ABB-UAL:01:Log-in successful|-|UAS_UID=458759|1110|00350|-|robot|Admin	350
<13>Oct 27 12:34:14 CRB15000_5_95 ABB-UAL:01:Log-in successful|-|UAS_UID=524296|1110|00351|-|robot|Admin	351
<13>Oct 27 12:35:26 CRB15000_5_95 ABB-UAL:01:Log-in successful|-|UAS_UID=589833|1110|00352|-|robot|Default User	352
<13>Oct 27 12:35:26 CRB15000_5_95 ABB-UAL:01:Log-in successful|-|UAS_UID=655370|1110|00353|-|robot|Default User	353
<13>Oct 27 12:40:15 CRB15000_5_95 ABB-UAL:01:Log-out (user logged out)|-|UAS_UID=524296|1210|00354|-|robot|	354
<13>Oct 27 14:11:12 CRB15000_5_95 ABB-UAL:01:Log-out (user logged out)|-|Socket=636|1210|00355|-|robot|	355
<13>Oct 27 14:11:12 CRB15000_5_95 ABB-UAL:01:Log-in successful|-|UAS_UID=720904|1110|00356|-|robot|Admin	356
<13>Feb  2 10:35:11 CRB15000_5_95 ABB-UAL:01:Log-in successful|-|UAS_UID=65537|1110|00357|-|robot|NativeUser	357
<13>Feb  2 10:35:11 CRB15000_5_95 ABB-UAL:01:Log-in successful|-|UAS_UID=131074|1110|00358|-|robot|NativeUser	358
<13>Feb  2 10:35:12 CRB15000_5_95 ABB-UAL:01:Log-in successful|-|UAS_UID=196611|1110|00359|-|robot|NativeUser	359
<13>Feb  2 10:35:12 CRB15000_5_95 ABB-UAL:01:Log-in successful|-|UAS_UID=262148|1110|00360|-|robot|NativeUser	360
<13>Feb  2 10:35:12 CRB15000_5_95 ABB-UAL:01:Log-in successful|-|UAS_UID=327685|1110|00361|-|robot|NativeUser	361
<13>Feb  2 10:35:12 CRB15000_5_95 ABB-UAL:01:Log-in successful|-|UAS_UID=393222|1110|00362|-|robot|NativeUser	362
<13>Feb  2 10:35:14 CRB15000_5_95 ABB-UAL:01:Log-in successful|-|UAS_UID=458759|1110|00363|-|robot|Admin	363
<13>Feb  2 10:35:23 CRB15000_5_95 ABB-UAL:01:Log-in successful|-|UAS_UID=524296|1110|00364|-|robot|Admin	364
<13>Feb  2 10:38:22 CRB15000_5_95 ABB-UAL:01:Log-in successful|-|UAS_UID=589833|1110|00365|-|robot|Default User	365
<13>Feb  2 10:38:22 CRB15000_5_95 ABB-UAL:01:Log-in successful|-|UAS_UID=655370|1110|00366|-|robot|Default User	366
<13>Feb  2 10:41:23 CRB15000_5_95 ABB-UAL:01:Log-out (user logged out)|-|UAS_UID=524296|1210|00367|-|robot|	367
<13>Feb  2 10:41:58 CRB15000_5_95 ABB-UAL:01:Log-out (user logged out)|-|Socket=5984|1210|00368|-|robot|	368
<13>Feb  2 10:46:23 CRB15000_5_95 ABB-UAL:01:Log-out (user logged out)|-|UAS_UID=589833|1210|00369|-|robot|	369
<13>Feb  2 10:48:25 CRB15000_5_95 ABB-UAL:01:Parameter changed successfully|-|CFG SIO domain, type UDPUC_HOST|1380|00370|-|robot|458759	370
<13>Feb  2 10:48:48 CRB15000_5_95 ABB-UAL:01:Log-in successful|-|UAS_UID=720904|1110|00371|-|robot|Default User	371
<13>Feb  2 10:49:32 CRB15000_5_95 ABB-UAL:01:Control system restarted|-|restart warmstart|5150|00372|-|robot|458759	372
<13>Feb  2 10:49:34 CRB15000_5_95 ABB-UAL:01:Log-in successful|-|UAS_UID=65537|1110|00373|-|robot|NativeUser	373
<13>Feb  2 10:49:35 CRB15000_5_95 ABB-UAL:01:Log-in successful|-|UAS_UID=131074|1110|00374|-|robot|NativeUser	374
<13>Feb  2 10:49:36 CRB15000_5_95 ABB-UAL:01:Log-in successful|-|UAS_UID=196611|1110|00375|-|robot|NativeUser	375
<13>Feb  2 10:49:36 CRB15000_5_95 ABB-UAL:01:Log-in successful|-|UAS_UID=262148|1110|00376|-|robot|NativeUser	376
<13>Feb  2 10:49:36 CRB15000_5_95 ABB-UAL:01:Log-in successful|-|UAS_UID=327685|1110|00377|-|robot|NativeUser	377
<13>Feb  2 10:49:36 CRB15000_5_95 ABB-UAL:01:Log-in successful|-|UAS_UID=393222|1110|00378|-|robot|NativeUser	378
<13>Feb  2 10:49:40 CRB15000_5_95 ABB-UAL:01:Log-in successful|-|UAS_UID=458759|1110|00379|-|robot|Admin	379
<13>Feb  2 10:49:47 CRB15000_5_95 ABB-UAL:01:Log-in successful|-|UAS_UID=524296|1110|00380|-|robot|Admin	380
<13>Feb  2 10:50:07 CRB15000_5_95 ABB-UAL:01:Log-out (user logged out)|-|UAS_UID=524296|1210|00381|-|robot|	381
<13>Feb  2 10:50:07 CRB15000_5_95 ABB-UAL:01:Log-out (user logged out)|-|UAS_UID=458759|1210|00382|-|robot|	382
<13>Feb  2 10:50:07 CRB15000_5_95 ABB-UAL:01:Log-out (user logged out)|-|Socket=7084|1210|00383|-|robot|	383
<13>Feb  2 10:50:20 CRB15000_5_95 ABB-UAL:01:Log-in successful|-|UAS_UID=65537|1110|00384|-|robot|NativeUser	384
<13>Feb  2 10:50:21 CRB15000_5_95 ABB-UAL:01:Log-in successful|-|UAS_UID=131074|1110|00385|-|robot|NativeUser	385
<13>Feb  2 10:50:21 CRB15000_5_95 ABB-UAL:01:Log-in successful|-|UAS_UID=196611|1110|00386|-|robot|NativeUser	386
<13>Feb  2 10:50:21 CRB15000_5_95 ABB-UAL:01:Log-in successful|-|UAS_UID=262148|1110|00387|-|robot|NativeUser	387
<13>Feb  2 10:50:21 CRB15000_5_95 ABB-UAL:01:Log-in successful|-|UAS_UID=327685|1110|00388|-|robot|NativeUser	388
<13>Feb  2 10:50:21 CRB15000_5_95 ABB-UAL:01:Log-in successful|-|UAS_UID=393222|1110|00389|-|robot|NativeUser	389
<13>Feb  2 10:50:23 CRB15000_5_95 ABB-UAL:01:Log-in successful|-|UAS_UID=458759|1110|00390|-|robot|Admin	390
<13>Feb  2 10:50:32 CRB15000_5_95 ABB-UAL:01:Log-in successful|-|UAS_UID=524296|1110|00391|-|robot|Admin	391
<13>Feb  2 10:51:15 CRB15000_5_95 ABB-UAL:01:Log-in successful|-|UAS_UID=589833|1110|00392|-|robot|Default User	392
<13>Feb  2 10:51:15 CRB15000_5_95 ABB-UAL:01:Log-in successful|-|UAS_UID=655370|1110|00393|-|robot|Default User	393
<13>Feb  2 10:52:39 CRB15000_5_95 ABB-UAL:01:Log-out (user logged out)|-|Socket=568|1210|00394|-|robot|	394
<13>Feb  2 10:54:41 CRB15000_5_95 ABB-UAL:01:Log-out (user logged out)|-|UAS_UID=589833|1210|00395|-|robot|	395
<13>Feb  2 10:54:45 CRB15000_5_95 ABB-UAL:01:Log-in successful|-|UAS_UID=720905|1110|00396|-|robot|Default User	396
<13>Feb  2 10:54:45 CRB15000_5_95 ABB-UAL:01:Log-in successful|-|UAS_UID=786442|1110|00397|-|robot|Default User	397
<13>Feb  2 10:56:08 CRB15000_5_95 ABB-UAL:01:Log-out (user logged out)|-|Socket=8176|1210|00398|-|robot|	398
<13>Feb  2 10:56:32 CRB15000_5_95 ABB-UAL:01:Log-out (user logged out)|-|UAS_UID=524296|1210|00399|-|robot|	399
<13>Feb  2 10:59:12 CRB15000_5_95 ABB-UAL:01:Log-out (user logged out)|-|UAS_UID=720905|1210|00400|-|robot|	400
<13>Feb  2 10:59:15 CRB15000_5_95 ABB-UAL:01:Log-in successful|-|UAS_UID=851976|1110|00401|-|robot|Default User	401
<13>Feb  2 10:59:15 CRB15000_5_95 ABB-UAL:01:Log-in successful|-|UAS_UID=917513|1110|00402|-|robot|Default User	402
<13>Feb  2 11:00:25 CRB15000_5_95 ABB-UAL:01:Log-out (user logged out)|-|Socket=7204|1210|00403|-|robot|	403
<13>Feb  2 11:01:18 CRB15000_5_95 ABB-UAL:01:Parameter changed successfully|-|CFG SIO domain, type UDPUC_HOST|1380|00404|-|robot|458759	404
<13>Feb  2 11:01:25 CRB15000_5_95 ABB-UAL:01:Log-out (user logged out)|-|UAS_UID=851976|1210|00405|-|robot|	405
<13>Feb  2 11:01:32 CRB15000_5_95 ABB-UAL:01:Log-in successful|-|UAS_UID=983048|1110|00406|-|robot|Default User	406
<13>Feb  2 11:01:32 CRB15000_5_95 ABB-UAL:01:Log-in successful|-|UAS_UID=1048585|1110|00407|-|robot|Default User	407
<13>Feb  2 11:01:40 CRB15000_5_95 ABB-UAL:01:Log-out (user logged out)|-|Socket=9004|1210|00408|-|robot|	408
<13>Feb  2 11:01:44 CRB15000_5_95 ABB-UAL:01:Control system restarted|-|restart warmstart|5150|00409|-|robot|458759	409
-----BEGIN DIGEST-----
vornoKsioBa2al92A7pixwu9/GVr5hWsBoKpmLjUPrMLZROlLxbjhvjlKOlSmKXXbUmH6g==
-----END DIGEST-----
