#######  Log open at 21-09-28  17:38:15 Eastern Daylight Time -0400 #######
21-09-28 17:38:15:017	C:\BUILDAGENTS\AGENT-SEABB-IS-13900.2\_work\256\s\DpManager\DpManagerSysInstall.cpp,831,[INFO]:	Starting SystemInstallImp::InitInstallation()...
21-09-28 17:38:15:018	C:\BUILDAGENTS\AGENT-SEABB-IS-13900.2\_work\256\s\DpManager\DpManagerSysInstall.cpp,689,[INFO]:	Installation type 3, m_ctrl = '', rootPath = C:\Users\grazianige\AppData\Local\Temp\tmp9CEE.tmp\CRB15000_5_95, systemPath = 'C:\Users\grazianige\AppData\Local\Temp\tmp9CEE.tmp\CRB15000_5_95/Systems/CRB15000_5_95'.
21-09-28 17:38:15:018	C:\BUILDAGENTS\AGENT-SEABB-IS-13900.2\_work\267\s\ControllerProperties\ControllerProperties.cpp,160,[WARN]:	Previous controller properties file is not present or cannot be loaded.
21-09-28 17:38:15:018	C:\BUILDAGENTS\AGENT-SEABB-IS-13900.2\_work\256\s\LicenseManager\LicenseManager.cpp,1051,[INFO]:	Validate file 'virtual.abb.robotics.robotcontrol.rlf'
21-09-28 17:38:15:028	C:\BUILDAGENTS\AGENT-SEABB-IS-13900.2\_work\256\s\LicenseManager\LicenseManager.cpp,1247,[INFO]:	File 'virtual.abb.robotics.robotcontrol.rlf' is valid.
21-09-28 17:38:15:028	C:\BUILDAGENTS\AGENT-SEABB-IS-13900.2\_work\256\s\LicenseManager\LicenseManager.cpp,689,[INFO]:	Adding file 'virtual.abb.robotics.robotcontrol.rlf' to the license repository.
21-09-28 17:38:15:029	C:\BUILDAGENTS\AGENT-SEABB-IS-13900.2\_work\256\s\LicenseManager\LicenseManager.cpp,1051,[INFO]:	Validate file 'virtual.abb.robotics.robotcontrol.rlf'
21-09-28 17:38:15:037	C:\BUILDAGENTS\AGENT-SEABB-IS-13900.2\_work\256\s\LicenseManager\LicenseManager.cpp,1247,[INFO]:	File 'virtual.abb.robotics.robotcontrol.rlf' is valid.
21-09-28 17:38:15:037	C:\BUILDAGENTS\AGENT-SEABB-IS-13900.2\_work\256\s\LicenseManager\LicenseManager.cpp,1268,[INFO]:	Read license file 'virtual.abb.robotics.robotcontrol.rlf'
21-09-28 17:38:15:042	C:\BUILDAGENTS\AGENT-SEABB-IS-13900.2\_work\256\s\LicenseManager\LicenseManager.cpp,1051,[INFO]:	Validate file 'virtual.abb.robotics.robots.rlf'
21-09-28 17:38:15:048	C:\BUILDAGENTS\AGENT-SEABB-IS-13900.2\_work\256\s\LicenseManager\LicenseManager.cpp,1247,[INFO]:	File 'virtual.abb.robotics.robots.rlf' is valid.
21-09-28 17:38:15:049	C:\BUILDAGENTS\AGENT-SEABB-IS-13900.2\_work\256\s\LicenseManager\LicenseManager.cpp,689,[INFO]:	Adding file 'virtual.abb.robotics.robots.rlf' to the license repository.
21-09-28 17:38:15:049	C:\BUILDAGENTS\AGENT-SEABB-IS-13900.2\_work\256\s\DpManager\DpManagerSystemCommon.cpp,950,[INFO]:	Reading content in file path 'C:\Users\grazianige\AppData\Local\Temp\tmp9CEE.tmp\CRB15000_5_95/Systems/CRB15000_5_95/controller.rsf'.
21-09-28 17:38:15:058	C:\BUILDAGENTS\AGENT-SEABB-IS-13900.2\_work\256\s\DpManager\DpManagerSysInstall.cpp,1779,[INFO]:	Path = 'C:\Users\grazianige\AppData\Local\Temp\tmp9CEE.tmp\CRB15000_5_95/Products/abb.robotics.robotcontrol', manifestfile = 'abb.robotics.robotcontrol_7.3.122.rmf'.
21-09-28 17:38:15:064	C:\BUILDAGENTS\AGENT-SEABB-IS-13900.2\_work\256\s\DpManager\DpManagerSysInstall.cpp,1779,[INFO]:	Path = 'C:\Users\grazianige\AppData\Local\Temp\tmp9CEE.tmp\CRB15000_5_95/Products/abb.robotics.robotos', manifestfile = 'abb.robotics.robotos.rmf'.
21-09-28 17:38:15:071	C:\BUILDAGENTS\AGENT-SEABB-IS-13900.2\_work\256\s\DpManager\DpManagerSysInstall.cpp,1779,[INFO]:	Path = 'C:\Users\grazianige\AppData\Local\Temp\tmp9CEE.tmp\CRB15000_5_95/Products/abb.robotics.robots', manifestfile = 'abb.robotics.robots.rmf'.
21-09-28 17:38:15:082	C:\BUILDAGENTS\AGENT-SEABB-IS-13900.2\_work\256\s\DpManager\DpManagerSystemCommon.cpp,705,[INFO]:	versionMin Major value: 3
21-09-28 17:38:15:082	C:\BUILDAGENTS\AGENT-SEABB-IS-13900.2\_work\256\s\DpManager\DpManagerSystemCommon.cpp,728,[INFO]:	New dependency: RobotOS, min:3.1.0, max:3.99999999.99999999.
21-09-28 17:38:15:082	C:\BUILDAGENTS\AGENT-SEABB-IS-13900.2\_work\256\s\DpManager\DpManagerSystemCommon.cpp,705,[INFO]:	versionMin Major value: 1
21-09-28 17:38:15:083	C:\BUILDAGENTS\AGENT-SEABB-IS-13900.2\_work\256\s\DpManager\DpManagerSystemCommon.cpp,728,[INFO]:	New dependency: RobotWareInstallationUtilities, min:1.3.0, max:1.99999999.99999999.
21-09-28 17:38:15:101	C:\BUILDAGENTS\AGENT-SEABB-IS-13900.2\_work\256\s\DpManager\DpManagerSystemCommon.cpp,705,[INFO]:	versionMin Major value: 1
21-09-28 17:38:15:101	C:\BUILDAGENTS\AGENT-SEABB-IS-13900.2\_work\256\s\DpManager\DpManagerSystemCommon.cpp,728,[INFO]:	New dependency: RobotWareInstallationUtilities, min:1.3.0, max:1.99999999.99999999.
21-09-28 17:38:15:111	C:\BUILDAGENTS\AGENT-SEABB-IS-13900.2\_work\256\s\DpManager\DpManagerSystemCommon.cpp,705,[INFO]:	versionMin Major value: 7
21-09-28 17:38:15:111	C:\BUILDAGENTS\AGENT-SEABB-IS-13900.2\_work\256\s\DpManager\DpManagerSystemCommon.cpp,728,[INFO]:	New dependency: RobotControl, min:7.1.0-225.Internal, max:7.99999999.99999999.
21-09-28 17:38:15:117	C:\BUILDAGENTS\AGENT-SEABB-IS-13900.2\_work\256\s\LicenseManager\LicenseManager.cpp,1051,[INFO]:	Validate file 'virtual.abb.robotics.robotcontrol.rlf'
21-09-28 17:38:15:122	C:\BUILDAGENTS\AGENT-SEABB-IS-13900.2\_work\256\s\LicenseManager\LicenseManager.cpp,1247,[INFO]:	File 'virtual.abb.robotics.robotcontrol.rlf' is valid.
21-09-28 17:38:15:122	C:\BUILDAGENTS\AGENT-SEABB-IS-13900.2\_work\256\s\LicenseManager\LicenseManager.cpp,1268,[INFO]:	Read license file 'virtual.abb.robotics.robotcontrol.rlf'
21-09-28 17:38:15:125	C:\BUILDAGENTS\AGENT-SEABB-IS-13900.2\_work\256\s\LicenseManager\LicenseManager.cpp,1051,[INFO]:	Validate file 'virtual.abb.robotics.robots.rlf'
21-09-28 17:38:15:133	C:\BUILDAGENTS\AGENT-SEABB-IS-13900.2\_work\256\s\LicenseManager\LicenseManager.cpp,1247,[INFO]:	File 'virtual.abb.robotics.robots.rlf' is valid.
21-09-28 17:38:15:133	C:\BUILDAGENTS\AGENT-SEABB-IS-13900.2\_work\256\s\LicenseManager\LicenseManager.cpp,1268,[INFO]:	Read license file 'virtual.abb.robotics.robots.rlf'
21-09-28 17:38:15:142	C:\BUILDAGENTS\AGENT-SEABB-IS-13900.2\_work\256\s\DpManager\DpManagerRWI.cpp,609,[INFO]:	Current RWI versionName: '1.3.0'
21-09-28 17:38:15:142	C:\BUILDAGENTS\AGENT-SEABB-IS-13900.2\_work\256\s\DpManager\DpManagerRWI.cpp,620,[INFO]:	Current RWI version detail '1.3.0+59'
21-09-28 17:38:15:142	C:\BUILDAGENTS\AGENT-SEABB-IS-13900.2\_work\256\s\DpManager\DpManagerSystemCommon.cpp,519,[INFO]:	Product 'RobotControl' has dependency to RWI, versionMin: 1.3.0 and versionMax: 1.99999999.99999999, which is supported by current RWI version: '1.3.0+59'.
21-09-28 17:38:15:147	C:\BUILDAGENTS\AGENT-SEABB-IS-13900.2\_work\256\s\DpManager\DpManagerRWI.cpp,609,[INFO]:	Current RWI versionName: '1.3.0'
21-09-28 17:38:15:147	C:\BUILDAGENTS\AGENT-SEABB-IS-13900.2\_work\256\s\DpManager\DpManagerRWI.cpp,620,[INFO]:	Current RWI version detail '1.3.0+59'
21-09-28 17:38:15:147	C:\BUILDAGENTS\AGENT-SEABB-IS-13900.2\_work\256\s\DpManager\DpManagerSystemCommon.cpp,519,[INFO]:	Product 'RobotOS' has dependency to RWI, versionMin: 1.3.0 and versionMax: 1.99999999.99999999, which is supported by current RWI version: '1.3.0+59'.
21-09-28 17:38:15:147	C:\BUILDAGENTS\AGENT-SEABB-IS-13900.2\_work\256\s\DpManager\DpManagerUtility.cpp,551,[INFO]:	Validate manifest 'C:\Users\grazianige\AppData\Local\Temp\tmp9CEE.tmp\CRB15000_5_95/Products/abb.robotics.robotcontrol/abb.robotics.robotcontrol_7.3.122.rmf'
21-09-28 17:38:15:154	C:\BUILDAGENTS\AGENT-SEABB-IS-13900.2\_work\256\s\DpManager\DpManagerUtility.cpp,614,[INFO]:	Validate all .rpk files.
21-09-28 17:38:15:297	C:\BUILDAGENTS\AGENT-SEABB-IS-13900.2\_work\256\s\DpManager\DpManagerUtility.cpp,551,[INFO]:	Validate manifest 'C:\Users\grazianige\AppData\Local\Temp\tmp9CEE.tmp\CRB15000_5_95/Products/abb.robotics.robotos/abb.robotics.robotos.rmf'
21-09-28 17:38:15:299	C:\BUILDAGENTS\AGENT-SEABB-IS-13900.2\_work\256\s\DpManager\DpManagerUtility.cpp,614,[INFO]:	Validate all .rpk files.
21-09-28 17:38:15:321	C:\BUILDAGENTS\AGENT-SEABB-IS-13900.2\_work\256\s\DpManager\DpManagerUtility.cpp,551,[INFO]:	Validate manifest 'C:\Users\grazianige\AppData\Local\Temp\tmp9CEE.tmp\CRB15000_5_95/Products/abb.robotics.robots/abb.robotics.robots.rmf'
21-09-28 17:38:15:324	C:\BUILDAGENTS\AGENT-SEABB-IS-13900.2\_work\256\s\DpManager\DpManagerUtility.cpp,614,[INFO]:	Validate all .rpk files.
21-09-28 17:38:15:390	C:\BUILDAGENTS\AGENT-SEABB-IS-13900.2\_work\256\s\DpManager\DpManagerSystemCommon.cpp,162,[INFO]:	Starting resolve dependencies. Current platform is 'vc', nr of products is 3.
21-09-28 17:38:15:390	C:\BUILDAGENTS\AGENT-SEABB-IS-13900.2\_work\256\s\DpManager\DpManagerSystemCommon.cpp,210,[INFO]:	Added RobotOS, version '3.1.0+0'. Number of products left is 2.
21-09-28 17:38:15:390	C:\BUILDAGENTS\AGENT-SEABB-IS-13900.2\_work\256\s\DpManager\DpManagerSystemCommon.cpp,250,[INFO]:	Dependency check to RobotOS.
21-09-28 17:38:15:390	C:\BUILDAGENTS\AGENT-SEABB-IS-13900.2\_work\256\s\DpManager\DpManagerSystemCommon.cpp,324,[INFO]:	Add product RobotControl. Nr of products left is 1.
21-09-28 17:38:15:390	C:\BUILDAGENTS\AGENT-SEABB-IS-13900.2\_work\256\s\DpManager\DpManagerSystemCommon.cpp,335,[INFO]:	Add all products that have only one dependency and it is RobotControl.
21-09-28 17:38:15:390	C:\BUILDAGENTS\AGENT-SEABB-IS-13900.2\_work\256\s\DpManager\DpManagerSystemCommon.cpp,352,[INFO]:	Only dependency on RobotControl. Add product 'Robots' to the sorted List.
21-09-28 17:38:15:390	C:\BUILDAGENTS\AGENT-SEABB-IS-13900.2\_work\256\s\DpManager\DpManagerSystemCommon.cpp,365,[INFO]:	No more products left to check dependency.
21-09-28 17:38:15:390	C:\BUILDAGENTS\AGENT-SEABB-IS-13900.2\_work\256\s\DpManager\DpManagerSystemCommon.cpp,472,[INFO]:	Done resolving dependencies, status = 0.
21-09-28 17:38:15:390	C:\BUILDAGENTS\AGENT-SEABB-IS-13900.2\_work\256\s\DpManager\DpManagerSysInstall.cpp,1060,[INFO]:	Product root dir path 'C:/Users/grazianige/AppData/Local/ABB/RobotWare'.
21-09-28 17:38:15:390	C:\BUILDAGENTS\AGENT-SEABB-IS-13900.2\_work\256\s\DpManager\DpManagerSysInstall.cpp,1081,[INFO]:	Install product 'RobotOS' to 'C:/Users/grazianige/AppData/Local/ABB/RobotWare/RobotOS_3.1.0'.
21-09-28 17:38:15:390	C:\BUILDAGENTS\AGENT-SEABB-IS-13900.2\_work\256\s\DpManager\DpManagerUtility.cpp,680,[INFO]:	Getting all rpk packages from 'C:\Users\grazianige\AppData\Local\Temp\tmp9CEE.tmp\CRB15000_5_95/Products/abb.robotics.robotos/abb.robotics.robotos.rmf'
21-09-28 17:38:15:397	C:\BUILDAGENTS\AGENT-SEABB-IS-13900.2\_work\256\s\DpManager\DpManagerUtility.cpp,694,[INFO]:	Adding rpk with correct platform to Rpk List. Packages: 2.
21-09-28 17:38:15:397	C:\BUILDAGENTS\AGENT-SEABB-IS-13900.2\_work\256\s\DpManager\DpManagerUtility.cpp,721,[INFO]:	Number of rpk packages in 'C:\Users\grazianige\AppData\Local\Temp\tmp9CEE.tmp\CRB15000_5_95/Products/abb.robotics.robotos/abb.robotics.robotos.rmf' is 2, unpack to destination 'C:/Users/grazianige/AppData/Local/ABB/RobotWare/RobotOS_3.1.0'. 
21-09-28 17:38:15:397	C:\BUILDAGENTS\AGENT-SEABB-IS-13900.2\_work\256\s\RWCompression\unrpk.cpp,165,[INFO]:	Unpacking file 'C:\Users\grazianige\AppData\Local\Temp\tmp9CEE.tmp\CRB15000_5_95/Products/abb.robotics.robotos/abb.robotics.robotos.maincomputeros_3.1.0.rpk' to 'C:/Users/grazianige/AppData/Local/ABB/RobotWare/RobotOS_3.1.0' ...
21-09-28 17:38:15:397	C:\BUILDAGENTS\AGENT-SEABB-IS-13900.2\_work\256\s\DpManager\DpManagerSysInstall.cpp,1387,[INFO]:	Product 1 of 3 'RobotOS', package 1 of 2.
21-09-28 17:38:15:451	C:\BUILDAGENTS\AGENT-SEABB-IS-13900.2\_work\256\s\RWCompression\unrpk.cpp,169,[INFO]:	 status=0
21-09-28 17:38:15:451	C:\BUILDAGENTS\AGENT-SEABB-IS-13900.2\_work\256\s\RWCompression\unrpk.cpp,165,[INFO]:	Unpacking file 'C:\Users\grazianige\AppData\Local\Temp\tmp9CEE.tmp\CRB15000_5_95/Products/abb.robotics.robotos/abb.robotics.robotos.startupmanager_3.1.0.rpk' to 'C:/Users/grazianige/AppData/Local/ABB/RobotWare/RobotOS_3.1.0' ...
21-09-28 17:38:15:451	C:\BUILDAGENTS\AGENT-SEABB-IS-13900.2\_work\256\s\DpManager\DpManagerSysInstall.cpp,1387,[INFO]:	Product 1 of 3 'RobotOS', package 2 of 2.
21-09-28 17:38:15:459	C:\BUILDAGENTS\AGENT-SEABB-IS-13900.2\_work\256\s\RWCompression\unrpk.cpp,169,[INFO]:	 status=0
21-09-28 17:38:15:459	C:\BUILDAGENTS\AGENT-SEABB-IS-13900.2\_work\256\s\RWCompression\unrpk.cpp,175,[INFO]:	Write protection applied to unpacked files!

21-09-28 17:38:15:460	C:\BUILDAGENTS\AGENT-SEABB-IS-13900.2\_work\256\s\DpManager\DpManagerSysInstall.cpp,1081,[INFO]:	Install product 'RobotControl' to 'C:/Users/grazianige/AppData/Local/ABB/RobotWare/RobotControl_7.3.1'.
21-09-28 17:38:15:460	C:\BUILDAGENTS\AGENT-SEABB-IS-13900.2\_work\256\s\DpManager\DpManagerUtility.cpp,680,[INFO]:	Getting all rpk packages from 'C:\Users\grazianige\AppData\Local\Temp\tmp9CEE.tmp\CRB15000_5_95/Products/abb.robotics.robotcontrol/abb.robotics.robotcontrol_7.3.122.rmf'
21-09-28 17:38:15:468	C:\BUILDAGENTS\AGENT-SEABB-IS-13900.2\_work\256\s\DpManager\DpManagerUtility.cpp,694,[INFO]:	Adding rpk with correct platform to Rpk List. Packages: 14.
21-09-28 17:38:15:468	C:\BUILDAGENTS\AGENT-SEABB-IS-13900.2\_work\256\s\DpManager\DpManagerUtility.cpp,715,[INFO]:	Package abb.robotics.robotcontrol.core.bin_7.3.122.rpk, rc is not for current platform vc.
21-09-28 17:38:15:468	C:\BUILDAGENTS\AGENT-SEABB-IS-13900.2\_work\256\s\DpManager\DpManagerUtility.cpp,721,[INFO]:	Number of rpk packages in 'C:\Users\grazianige\AppData\Local\Temp\tmp9CEE.tmp\CRB15000_5_95/Products/abb.robotics.robotcontrol/abb.robotics.robotcontrol_7.3.122.rmf' is 13, unpack to destination 'C:/Users/grazianige/AppData/Local/ABB/RobotWare/RobotControl_7.3.1'. 
21-09-28 17:38:15:468	C:\BUILDAGENTS\AGENT-SEABB-IS-13900.2\_work\256\s\RWCompression\unrpk.cpp,165,[INFO]:	Unpacking file 'C:\Users\grazianige\AppData\Local\Temp\tmp9CEE.tmp\CRB15000_5_95/Products/abb.robotics.robotcontrol/abb.robotics.robotcontrol.core_7.3.122.rpk' to 'C:/Users/grazianige/AppData/Local/ABB/RobotWare/RobotControl_7.3.1' ...
21-09-28 17:38:15:468	C:\BUILDAGENTS\AGENT-SEABB-IS-13900.2\_work\256\s\DpManager\DpManagerSysInstall.cpp,1387,[INFO]:	Product 2 of 3 'RobotControl', package 1 of 13.
21-09-28 17:38:16:188	C:\BUILDAGENTS\AGENT-SEABB-IS-13900.2\_work\256\s\RWCompression\unrpk.cpp,169,[INFO]:	 status=0
21-09-28 17:38:16:188	C:\BUILDAGENTS\AGENT-SEABB-IS-13900.2\_work\256\s\RWCompression\unrpk.cpp,165,[INFO]:	Unpacking file 'C:\Users\grazianige\AppData\Local\Temp\tmp9CEE.tmp\CRB15000_5_95/Products/abb.robotics.robotcontrol/abb.robotics.robotcontrol.core.signatures_7.3.122.rpk' to 'C:/Users/grazianige/AppData/Local/ABB/RobotWare/RobotControl_7.3.1' ...
21-09-28 17:38:16:188	C:\BUILDAGENTS\AGENT-SEABB-IS-13900.2\_work\256\s\DpManager\DpManagerSysInstall.cpp,1387,[INFO]:	Product 2 of 3 'RobotControl', package 2 of 13.
21-09-28 17:38:16:195	C:\BUILDAGENTS\AGENT-SEABB-IS-13900.2\_work\256\s\RWCompression\unrpk.cpp,169,[INFO]:	 status=0
21-09-28 17:38:16:195	C:\BUILDAGENTS\AGENT-SEABB-IS-13900.2\_work\256\s\RWCompression\unrpk.cpp,165,[INFO]:	Unpacking file 'C:\Users\grazianige\AppData\Local\Temp\tmp9CEE.tmp\CRB15000_5_95/Products/abb.robotics.robotcontrol/abb.robotics.robotcontrol.firmware_7.3.122.rpk' to 'C:/Users/grazianige/AppData/Local/ABB/RobotWare/RobotControl_7.3.1' ...
21-09-28 17:38:16:195	C:\BUILDAGENTS\AGENT-SEABB-IS-13900.2\_work\256\s\DpManager\DpManagerSysInstall.cpp,1387,[INFO]:	Product 2 of 3 'RobotControl', package 3 of 13.
21-09-28 17:38:16:515	C:\BUILDAGENTS\AGENT-SEABB-IS-13900.2\_work\256\s\RWCompression\unrpk.cpp,169,[INFO]:	 status=0
21-09-28 17:38:16:515	C:\BUILDAGENTS\AGENT-SEABB-IS-13900.2\_work\256\s\RWCompression\unrpk.cpp,165,[INFO]:	Unpacking file 'C:\Users\grazianige\AppData\Local\Temp\tmp9CEE.tmp\CRB15000_5_95/Products/abb.robotics.robotcontrol/abb.robotics.robotcontrol.vc_7.3.122.rpk' to 'C:/Users/grazianige/AppData/Local/ABB/RobotWare/RobotControl_7.3.1' ...
21-09-28 17:38:16:515	C:\BUILDAGENTS\AGENT-SEABB-IS-13900.2\_work\256\s\DpManager\DpManagerSysInstall.cpp,1387,[INFO]:	Product 2 of 3 'RobotControl', package 4 of 13.
21-09-28 17:38:17:124	C:\BUILDAGENTS\AGENT-SEABB-IS-13900.2\_work\256\s\RWCompression\unrpk.cpp,169,[INFO]:	 status=0
21-09-28 17:38:17:124	C:\BUILDAGENTS\AGENT-SEABB-IS-13900.2\_work\256\s\RWCompression\unrpk.cpp,165,[INFO]:	Unpacking file 'C:\Users\grazianige\AppData\Local\Temp\tmp9CEE.tmp\CRB15000_5_95/Products/abb.robotics.robotcontrol/abb.robotics.robotcontrol.options_7.3.122.rpk' to 'C:/Users/grazianige/AppData/Local/ABB/RobotWare/RobotControl_7.3.1' ...
21-09-28 17:38:17:124	C:\BUILDAGENTS\AGENT-SEABB-IS-13900.2\_work\256\s\DpManager\DpManagerSysInstall.cpp,1387,[INFO]:	Product 2 of 3 'RobotControl', package 5 of 13.
21-09-28 17:38:17:494	C:\BUILDAGENTS\AGENT-SEABB-IS-13900.2\_work\256\s\RWCompression\unrpk.cpp,169,[INFO]:	 status=0
21-09-28 17:38:17:494	C:\BUILDAGENTS\AGENT-SEABB-IS-13900.2\_work\256\s\RWCompression\unrpk.cpp,165,[INFO]:	Unpacking file 'C:\Users\grazianige\AppData\Local\Temp\tmp9CEE.tmp\CRB15000_5_95/Products/abb.robotics.robotcontrol/abb.robotics.robotcontrol.drivesystem_7.3.122.rpk' to 'C:/Users/grazianige/AppData/Local/ABB/RobotWare/RobotControl_7.3.1' ...
21-09-28 17:38:17:494	C:\BUILDAGENTS\AGENT-SEABB-IS-13900.2\_work\256\s\DpManager\DpManagerSysInstall.cpp,1387,[INFO]:	Product 2 of 3 'RobotControl', package 6 of 13.
21-09-28 17:38:17:543	C:\BUILDAGENTS\AGENT-SEABB-IS-13900.2\_work\256\s\RWCompression\unrpk.cpp,169,[INFO]:	 status=0
21-09-28 17:38:17:543	C:\BUILDAGENTS\AGENT-SEABB-IS-13900.2\_work\256\s\RWCompression\unrpk.cpp,165,[INFO]:	Unpacking file 'C:\Users\grazianige\AppData\Local\Temp\tmp9CEE.tmp\CRB15000_5_95/Products/abb.robotics.robotcontrol/abb.robotics.robotcontrol.utility_7.3.122.rpk' to 'C:/Users/grazianige/AppData/Local/ABB/RobotWare/RobotControl_7.3.1' ...
21-09-28 17:38:17:543	C:\BUILDAGENTS\AGENT-SEABB-IS-13900.2\_work\256\s\DpManager\DpManagerSysInstall.cpp,1387,[INFO]:	Product 2 of 3 'RobotControl', package 7 of 13.
21-09-28 17:38:17:575	C:\BUILDAGENTS\AGENT-SEABB-IS-13900.2\_work\256\s\RWCompression\unrpk.cpp,169,[INFO]:	 status=0
21-09-28 17:38:17:575	C:\BUILDAGENTS\AGENT-SEABB-IS-13900.2\_work\256\s\RWCompression\unrpk.cpp,165,[INFO]:	Unpacking file 'C:\Users\grazianige\AppData\Local\Temp\tmp9CEE.tmp\CRB15000_5_95/Products/abb.robotics.robotcontrol/abb.robotics.robotcontrol.securitysupport_2.0.0.rpk' to 'C:/Users/grazianige/AppData/Local/ABB/RobotWare/RobotControl_7.3.1' ...
21-09-28 17:38:17:575	C:\BUILDAGENTS\AGENT-SEABB-IS-13900.2\_work\256\s\DpManager\DpManagerSysInstall.cpp,1387,[INFO]:	Product 2 of 3 'RobotControl', package 8 of 13.
21-09-28 17:38:17:577	C:\BUILDAGENTS\AGENT-SEABB-IS-13900.2\_work\256\s\RWCompression\unrpk.cpp,169,[INFO]:	 status=0
21-09-28 17:38:17:577	C:\BUILDAGENTS\AGENT-SEABB-IS-13900.2\_work\256\s\RWCompression\unrpk.cpp,165,[INFO]:	Unpacking file 'C:\Users\grazianige\AppData\Local\Temp\tmp9CEE.tmp\CRB15000_5_95/Products/abb.robotics.robotcontrol/abb.robotics.robotcontrol.robotcontrolbase_3.0.0.rpk' to 'C:/Users/grazianige/AppData/Local/ABB/RobotWare/RobotControl_7.3.1' ...
21-09-28 17:38:17:577	C:\BUILDAGENTS\AGENT-SEABB-IS-13900.2\_work\256\s\DpManager\DpManagerSysInstall.cpp,1387,[INFO]:	Product 2 of 3 'RobotControl', package 9 of 13.
21-09-28 17:38:17:738	C:\BUILDAGENTS\AGENT-SEABB-IS-13900.2\_work\256\s\RWCompression\unrpk.cpp,169,[INFO]:	 status=0
21-09-28 17:38:17:738	C:\BUILDAGENTS\AGENT-SEABB-IS-13900.2\_work\256\s\RWCompression\unrpk.cpp,165,[INFO]:	Unpacking file 'C:\Users\grazianige\AppData\Local\Temp\tmp9CEE.tmp\CRB15000_5_95/Products/abb.robotics.robotcontrol/abb.robotics.robotcontrol.motionconfiguration_1.1.1.rpk' to 'C:/Users/grazianige/AppData/Local/ABB/RobotWare/RobotControl_7.3.1' ...
21-09-28 17:38:17:739	C:\BUILDAGENTS\AGENT-SEABB-IS-13900.2\_work\256\s\DpManager\DpManagerSysInstall.cpp,1387,[INFO]:	Product 2 of 3 'RobotControl', package 10 of 13.
21-09-28 17:38:17:756	C:\BUILDAGENTS\AGENT-SEABB-IS-13900.2\_work\256\s\RWCompression\unrpk.cpp,169,[INFO]:	 status=0
21-09-28 17:38:17:756	C:\BUILDAGENTS\AGENT-SEABB-IS-13900.2\_work\256\s\RWCompression\unrpk.cpp,165,[INFO]:	Unpacking file 'C:\Users\grazianige\AppData\Local\Temp\tmp9CEE.tmp\CRB15000_5_95/Products/abb.robotics.robotcontrol/abb.robotics.robotcontrol.libconnectedservices_1.0.2.rpk' to 'C:/Users/grazianige/AppData/Local/ABB/RobotWare/RobotControl_7.3.1' ...
21-09-28 17:38:17:756	C:\BUILDAGENTS\AGENT-SEABB-IS-13900.2\_work\256\s\DpManager\DpManagerSysInstall.cpp,1387,[INFO]:	Product 2 of 3 'RobotControl', package 11 of 13.
21-09-28 17:38:17:774	C:\BUILDAGENTS\AGENT-SEABB-IS-13900.2\_work\256\s\RWCompression\unrpk.cpp,169,[INFO]:	 status=0
21-09-28 17:38:17:774	C:\BUILDAGENTS\AGENT-SEABB-IS-13900.2\_work\256\s\RWCompression\unrpk.cpp,165,[INFO]:	Unpacking file 'C:\Users\grazianige\AppData\Local\Temp\tmp9CEE.tmp\CRB15000_5_95/Products/abb.robotics.robotcontrol/abb.robotics.robotcontrol.libedgeanalytics_1.0.1.rpk' to 'C:/Users/grazianige/AppData/Local/ABB/RobotWare/RobotControl_7.3.1' ...
21-09-28 17:38:17:774	C:\BUILDAGENTS\AGENT-SEABB-IS-13900.2\_work\256\s\DpManager\DpManagerSysInstall.cpp,1387,[INFO]:	Product 2 of 3 'RobotControl', package 12 of 13.
21-09-28 17:38:17:785	C:\BUILDAGENTS\AGENT-SEABB-IS-13900.2\_work\256\s\RWCompression\unrpk.cpp,169,[INFO]:	 status=0
21-09-28 17:38:17:785	C:\BUILDAGENTS\AGENT-SEABB-IS-13900.2\_work\256\s\RWCompression\unrpk.cpp,165,[INFO]:	Unpacking file 'C:\Users\grazianige\AppData\Local\Temp\tmp9CEE.tmp\CRB15000_5_95/Products/abb.robotics.robotcontrol/abb.robotics.robotcontrol.python_1.0.0.rpk' to 'C:/Users/grazianige/AppData/Local/ABB/RobotWare/RobotControl_7.3.1' ...
21-09-28 17:38:17:785	C:\BUILDAGENTS\AGENT-SEABB-IS-13900.2\_work\256\s\DpManager\DpManagerSysInstall.cpp,1387,[INFO]:	Product 2 of 3 'RobotControl', package 13 of 13.
21-09-28 17:38:19:112	C:\BUILDAGENTS\AGENT-SEABB-IS-13900.2\_work\256\s\RWCompression\unrpk.cpp,169,[INFO]:	 status=0
21-09-28 17:38:19:186	C:\BUILDAGENTS\AGENT-SEABB-IS-13900.2\_work\256\s\RWCompression\unrpk.cpp,175,[INFO]:	Write protection applied to unpacked files!

21-09-28 17:38:19:186	C:\BUILDAGENTS\AGENT-SEABB-IS-13900.2\_work\256\s\DpManager\DpManagerSysInstall.cpp,1081,[INFO]:	Install product 'Robots' to 'C:/Users/grazianige/AppData/Local/ABB/RobotWare/Robots_1.3.1'.
21-09-28 17:38:19:187	C:\BUILDAGENTS\AGENT-SEABB-IS-13900.2\_work\256\s\DpManager\DpManagerUtility.cpp,680,[INFO]:	Getting all rpk packages from 'C:\Users\grazianige\AppData\Local\Temp\tmp9CEE.tmp\CRB15000_5_95/Products/abb.robotics.robots/abb.robotics.robots.rmf'
21-09-28 17:38:19:194	C:\BUILDAGENTS\AGENT-SEABB-IS-13900.2\_work\256\s\DpManager\DpManagerUtility.cpp,694,[INFO]:	Adding rpk with correct platform to Rpk List. Packages: 12.
21-09-28 17:38:19:194	C:\BUILDAGENTS\AGENT-SEABB-IS-13900.2\_work\256\s\DpManager\DpManagerUtility.cpp,721,[INFO]:	Number of rpk packages in 'C:\Users\grazianige\AppData\Local\Temp\tmp9CEE.tmp\CRB15000_5_95/Products/abb.robotics.robots/abb.robotics.robots.rmf' is 12, unpack to destination 'C:/Users/grazianige/AppData/Local/ABB/RobotWare/Robots_1.3.1'. 
21-09-28 17:38:19:194	C:\BUILDAGENTS\AGENT-SEABB-IS-13900.2\_work\256\s\RWCompression\unrpk.cpp,165,[INFO]:	Unpacking file 'C:\Users\grazianige\AppData\Local\Temp\tmp9CEE.tmp\CRB15000_5_95/Products/abb.robotics.robots/abb.robotics.robots.robots.irb360.rpk' to 'C:/Users/grazianige/AppData/Local/ABB/RobotWare/Robots_1.3.1' ...
21-09-28 17:38:19:194	C:\BUILDAGENTS\AGENT-SEABB-IS-13900.2\_work\256\s\DpManager\DpManagerSysInstall.cpp,1387,[INFO]:	Product 3 of 3 'Robots', package 1 of 12.
21-09-28 17:38:19:664	C:\BUILDAGENTS\AGENT-SEABB-IS-13900.2\_work\256\s\RWCompression\unrpk.cpp,169,[INFO]:	 status=0
21-09-28 17:38:19:664	C:\BUILDAGENTS\AGENT-SEABB-IS-13900.2\_work\256\s\RWCompression\unrpk.cpp,165,[INFO]:	Unpacking file 'C:\Users\grazianige\AppData\Local\Temp\tmp9CEE.tmp\CRB15000_5_95/Products/abb.robotics.robots/abb.robotics.robots.robots.irb365.rpk' to 'C:/Users/grazianige/AppData/Local/ABB/RobotWare/Robots_1.3.1' ...
21-09-28 17:38:19:664	C:\BUILDAGENTS\AGENT-SEABB-IS-13900.2\_work\256\s\DpManager\DpManagerSysInstall.cpp,1387,[INFO]:	Product 3 of 3 'Robots', package 2 of 12.
21-09-28 17:38:19:667	C:\BUILDAGENTS\AGENT-SEABB-IS-13900.2\_work\256\s\RWCompression\unrpk.cpp,169,[INFO]:	 status=0
21-09-28 17:38:19:667	C:\BUILDAGENTS\AGENT-SEABB-IS-13900.2\_work\256\s\RWCompression\unrpk.cpp,165,[INFO]:	Unpacking file 'C:\Users\grazianige\AppData\Local\Temp\tmp9CEE.tmp\CRB15000_5_95/Products/abb.robotics.robots/abb.robotics.robots.robots.irb910.rpk' to 'C:/Users/grazianige/AppData/Local/ABB/RobotWare/Robots_1.3.1' ...
21-09-28 17:38:19:667	C:\BUILDAGENTS\AGENT-SEABB-IS-13900.2\_work\256\s\DpManager\DpManagerSysInstall.cpp,1387,[INFO]:	Product 3 of 3 'Robots', package 3 of 12.
21-09-28 17:38:19:679	C:\BUILDAGENTS\AGENT-SEABB-IS-13900.2\_work\256\s\RWCompression\unrpk.cpp,169,[INFO]:	 status=0
21-09-28 17:38:19:679	C:\BUILDAGENTS\AGENT-SEABB-IS-13900.2\_work\256\s\RWCompression\unrpk.cpp,165,[INFO]:	Unpacking file 'C:\Users\grazianige\AppData\Local\Temp\tmp9CEE.tmp\CRB15000_5_95/Products/abb.robotics.robots/abb.robotics.robots.robots.irb920.rpk' to 'C:/Users/grazianige/AppData/Local/ABB/RobotWare/Robots_1.3.1' ...
21-09-28 17:38:19:679	C:\BUILDAGENTS\AGENT-SEABB-IS-13900.2\_work\256\s\DpManager\DpManagerSysInstall.cpp,1387,[INFO]:	Product 3 of 3 'Robots', package 4 of 12.
21-09-28 17:38:19:702	C:\BUILDAGENTS\AGENT-SEABB-IS-13900.2\_work\256\s\RWCompression\unrpk.cpp,169,[INFO]:	 status=0
21-09-28 17:38:19:702	C:\BUILDAGENTS\AGENT-SEABB-IS-13900.2\_work\256\s\RWCompression\unrpk.cpp,165,[INFO]:	Unpacking file 'C:\Users\grazianige\AppData\Local\Temp\tmp9CEE.tmp\CRB15000_5_95/Products/abb.robotics.robots/abb.robotics.robots.robots.irb1100.rpk' to 'C:/Users/grazianige/AppData/Local/ABB/RobotWare/Robots_1.3.1' ...
21-09-28 17:38:19:702	C:\BUILDAGENTS\AGENT-SEABB-IS-13900.2\_work\256\s\DpManager\DpManagerSysInstall.cpp,1387,[INFO]:	Product 3 of 3 'Robots', package 5 of 12.
21-09-28 17:38:19:720	C:\BUILDAGENTS\AGENT-SEABB-IS-13900.2\_work\256\s\RWCompression\unrpk.cpp,169,[INFO]:	 status=0
21-09-28 17:38:19:720	C:\BUILDAGENTS\AGENT-SEABB-IS-13900.2\_work\256\s\RWCompression\unrpk.cpp,165,[INFO]:	Unpacking file 'C:\Users\grazianige\AppData\Local\Temp\tmp9CEE.tmp\CRB15000_5_95/Products/abb.robotics.robots/abb.robotics.robots.robots.irb1300.rpk' to 'C:/Users/grazianige/AppData/Local/ABB/RobotWare/Robots_1.3.1' ...
21-09-28 17:38:19:720	C:\BUILDAGENTS\AGENT-SEABB-IS-13900.2\_work\256\s\DpManager\DpManagerSysInstall.cpp,1387,[INFO]:	Product 3 of 3 'Robots', package 6 of 12.
21-09-28 17:38:19:746	C:\BUILDAGENTS\AGENT-SEABB-IS-13900.2\_work\256\s\RWCompression\unrpk.cpp,169,[INFO]:	 status=0
21-09-28 17:38:19:746	C:\BUILDAGENTS\AGENT-SEABB-IS-13900.2\_work\256\s\RWCompression\unrpk.cpp,165,[INFO]:	Unpacking file 'C:\Users\grazianige\AppData\Local\Temp\tmp9CEE.tmp\CRB15000_5_95/Products/abb.robotics.robots/abb.robotics.robots.robots.irb14050.rpk' to 'C:/Users/grazianige/AppData/Local/ABB/RobotWare/Robots_1.3.1' ...
21-09-28 17:38:19:746	C:\BUILDAGENTS\AGENT-SEABB-IS-13900.2\_work\256\s\DpManager\DpManagerSysInstall.cpp,1387,[INFO]:	Product 3 of 3 'Robots', package 7 of 12.
21-09-28 17:38:19:755	C:\BUILDAGENTS\AGENT-SEABB-IS-13900.2\_work\256\s\RWCompression\unrpk.cpp,169,[INFO]:	 status=0
21-09-28 17:38:19:755	C:\BUILDAGENTS\AGENT-SEABB-IS-13900.2\_work\256\s\RWCompression\unrpk.cpp,165,[INFO]:	Unpacking file 'C:\Users\grazianige\AppData\Local\Temp\tmp9CEE.tmp\CRB15000_5_95/Products/abb.robotics.robots/abb.robotics.robots.robots.crb15000.rpk' to 'C:/Users/grazianige/AppData/Local/ABB/RobotWare/Robots_1.3.1' ...
21-09-28 17:38:19:755	C:\BUILDAGENTS\AGENT-SEABB-IS-13900.2\_work\256\s\DpManager\DpManagerSysInstall.cpp,1387,[INFO]:	Product 3 of 3 'Robots', package 8 of 12.
21-09-28 17:38:19:764	C:\BUILDAGENTS\AGENT-SEABB-IS-13900.2\_work\256\s\RWCompression\unrpk.cpp,169,[INFO]:	 status=0
21-09-28 17:38:19:764	C:\BUILDAGENTS\AGENT-SEABB-IS-13900.2\_work\256\s\RWCompression\unrpk.cpp,165,[INFO]:	Unpacking file 'C:\Users\grazianige\AppData\Local\Temp\tmp9CEE.tmp\CRB15000_5_95/Products/abb.robotics.robots/abb.robotics.robots.options.rpk' to 'C:/Users/grazianige/AppData/Local/ABB/RobotWare/Robots_1.3.1' ...
21-09-28 17:38:19:764	C:\BUILDAGENTS\AGENT-SEABB-IS-13900.2\_work\256\s\DpManager\DpManagerSysInstall.cpp,1387,[INFO]:	Product 3 of 3 'Robots', package 9 of 12.
21-09-28 17:38:19:769	C:\BUILDAGENTS\AGENT-SEABB-IS-13900.2\_work\256\s\RWCompression\unrpk.cpp,169,[INFO]:	 status=0
21-09-28 17:38:19:769	C:\BUILDAGENTS\AGENT-SEABB-IS-13900.2\_work\256\s\RWCompression\unrpk.cpp,165,[INFO]:	Unpacking file 'C:\Users\grazianige\AppData\Local\Temp\tmp9CEE.tmp\CRB15000_5_95/Products/abb.robotics.robots/abb.robotics.robots.system.rpk' to 'C:/Users/grazianige/AppData/Local/ABB/RobotWare/Robots_1.3.1' ...
21-09-28 17:38:19:769	C:\BUILDAGENTS\AGENT-SEABB-IS-13900.2\_work\256\s\DpManager\DpManagerSysInstall.cpp,1387,[INFO]:	Product 3 of 3 'Robots', package 10 of 12.
21-09-28 17:38:19:772	C:\BUILDAGENTS\AGENT-SEABB-IS-13900.2\_work\256\s\RWCompression\unrpk.cpp,169,[INFO]:	 status=0
21-09-28 17:38:19:772	C:\BUILDAGENTS\AGENT-SEABB-IS-13900.2\_work\256\s\RWCompression\unrpk.cpp,165,[INFO]:	Unpacking file 'C:\Users\grazianige\AppData\Local\Temp\tmp9CEE.tmp\CRB15000_5_95/Products/abb.robotics.robots/abb.robotics.robots.rslib.rpk' to 'C:/Users/grazianige/AppData/Local/ABB/RobotWare/Robots_1.3.1' ...
21-09-28 17:38:19:772	C:\BUILDAGENTS\AGENT-SEABB-IS-13900.2\_work\256\s\DpManager\DpManagerSysInstall.cpp,1387,[INFO]:	Product 3 of 3 'Robots', package 11 of 12.
21-09-28 17:38:20:196	C:\BUILDAGENTS\AGENT-SEABB-IS-13900.2\_work\256\s\RWCompression\unrpk.cpp,169,[INFO]:	 status=0
21-09-28 17:38:20:196	C:\BUILDAGENTS\AGENT-SEABB-IS-13900.2\_work\256\s\RWCompression\unrpk.cpp,165,[INFO]:	Unpacking file 'C:\Users\grazianige\AppData\Local\Temp\tmp9CEE.tmp\CRB15000_5_95/Products/abb.robotics.robots/abb.robotics.robots.signatures.rpk' to 'C:/Users/grazianige/AppData/Local/ABB/RobotWare/Robots_1.3.1' ...
21-09-28 17:38:20:196	C:\BUILDAGENTS\AGENT-SEABB-IS-13900.2\_work\256\s\DpManager\DpManagerSysInstall.cpp,1387,[INFO]:	Product 3 of 3 'Robots', package 12 of 12.
21-09-28 17:38:20:197	C:\BUILDAGENTS\AGENT-SEABB-IS-13900.2\_work\256\s\RWCompression\unrpk.cpp,169,[INFO]:	 status=0
21-09-28 17:38:20:201	C:\BUILDAGENTS\AGENT-SEABB-IS-13900.2\_work\256\s\RWCompression\unrpk.cpp,175,[INFO]:	Write protection applied to unpacked files!

21-09-28 17:38:20:204	C:\BUILDAGENTS\AGENT-SEABB-IS-13900.2\_work\256\s\DpManager\DpManagerSysInstall.cpp,1903,[INFO]:	Write return message to file 'C:/Users/grazianige/Documents/RobotStudio/Solutions/myGofa/Virtual Controllers/CRB15000_5_95/internal/inbox/message'.
21-09-28 17:38:20:204	C:\BUILDAGENTS\AGENT-SEABB-IS-13900.2\_work\256\s\DpManager\DpManagerSystemCommon.cpp,1587,[INFO]:	S27 OS image path from boot info: C:/Users/grazianige/AppData/Local/ABB/RobotWare/RobotOS_3.1.0/S27.01/bin/s27.01.dll.
21-09-28 17:38:20:204	C:\BUILDAGENTS\AGENT-SEABB-IS-13900.2\_work\256\s\DpManager\DpManagerSysInstall.cpp,1325,[INFO]:	Installation has been finished, status = 0.
21-09-28 17:38:20:204	C:\BUILDAGENTS\AGENT-SEABB-IS-13900.2\_work\256\s\DpManager\DpManagerSysInstall.cpp,1326,[INFO]:	Clean up the temporary files.
21-09-28 17:38:20:220	C:\BUILDAGENTS\AGENT-SEABB-IS-13900.2\_work\256\s\VCInstaller\VCInstaller.cpp,575,[INFO]:	No HW settings file used.
#######  Log open at 21-10-18  14:16:16 Eastern Daylight Time -0400 #######
21-10-18 14:16:16:017	C:\BUILDAGENTS\AGENT-SEABB-IS-13900.2\_work\256\s\DpManager\DpManagerSysUpdate.cpp,117,[INFO]:	Request to update RobotWare system is found in the installer inbox.
21-10-18 14:16:16:017	C:\BUILDAGENTS\AGENT-SEABB-IS-13900.2\_work\256\s\DpManager\DpManagerSysUpdate.cpp,119,[INFO]:	Checking if Installer itself needs an update. 
21-10-18 14:16:16:020	C:\BUILDAGENTS\AGENT-SEABB-IS-13900.2\_work\256\s\DpManager\DpManagerSystemCommon.cpp,950,[INFO]:	Reading content in file path 'C:\Users\grazianige\AppData\Local\Temp\tmpDAE1.tmp\CRB15000_5_95/controller.rsf'.
21-10-18 14:16:16:030	C:\BUILDAGENTS\AGENT-SEABB-IS-13900.2\_work\256\s\DpManager\DpManagerSystemCommon.cpp,705,[INFO]:	versionMin Major value: 3
21-10-18 14:16:16:030	C:\BUILDAGENTS\AGENT-SEABB-IS-13900.2\_work\256\s\DpManager\DpManagerSystemCommon.cpp,728,[INFO]:	New dependency: RobotOS, min:3.1.0, max:3.99999999.99999999.
21-10-18 14:16:16:030	C:\BUILDAGENTS\AGENT-SEABB-IS-13900.2\_work\256\s\DpManager\DpManagerSystemCommon.cpp,705,[INFO]:	versionMin Major value: 1
21-10-18 14:16:16:030	C:\BUILDAGENTS\AGENT-SEABB-IS-13900.2\_work\256\s\DpManager\DpManagerSystemCommon.cpp,728,[INFO]:	New dependency: RobotWareInstallationUtilities, min:1.3.0, max:1.99999999.99999999.
21-10-18 14:16:16:051	C:\BUILDAGENTS\AGENT-SEABB-IS-13900.2\_work\256\s\DpManager\DpManagerSystemCommon.cpp,705,[INFO]:	versionMin Major value: 1
21-10-18 14:16:16:052	C:\BUILDAGENTS\AGENT-SEABB-IS-13900.2\_work\256\s\DpManager\DpManagerSystemCommon.cpp,728,[INFO]:	New dependency: RobotWareInstallationUtilities, min:1.3.0, max:1.99999999.99999999.
21-10-18 14:16:16:067	C:\BUILDAGENTS\AGENT-SEABB-IS-13900.2\_work\256\s\DpManager\DpManagerSystemCommon.cpp,705,[INFO]:	versionMin Major value: 7
21-10-18 14:16:16:067	C:\BUILDAGENTS\AGENT-SEABB-IS-13900.2\_work\256\s\DpManager\DpManagerSystemCommon.cpp,728,[INFO]:	New dependency: RobotControl, min:7.1.0-225.Internal, max:7.99999999.99999999.
21-10-18 14:16:16:075	C:\BUILDAGENTS\AGENT-SEABB-IS-13900.2\_work\256\s\LicenseManager\LicenseManager.cpp,1051,[INFO]:	Validate file 'virtual.abb.robotics.robotcontrol.rlf'
21-10-18 14:16:16:089	C:\BUILDAGENTS\AGENT-SEABB-IS-13900.2\_work\256\s\LicenseManager\LicenseManager.cpp,1247,[INFO]:	File 'virtual.abb.robotics.robotcontrol.rlf' is valid.
21-10-18 14:16:16:089	C:\BUILDAGENTS\AGENT-SEABB-IS-13900.2\_work\256\s\LicenseManager\LicenseManager.cpp,1268,[INFO]:	Read license file 'virtual.abb.robotics.robotcontrol.rlf'
21-10-18 14:16:16:098	C:\BUILDAGENTS\AGENT-SEABB-IS-13900.2\_work\256\s\LicenseManager\LicenseManager.cpp,1051,[INFO]:	Validate file 'virtual.abb.robotics.robots.rlf'
21-10-18 14:16:16:107	C:\BUILDAGENTS\AGENT-SEABB-IS-13900.2\_work\256\s\LicenseManager\LicenseManager.cpp,1247,[INFO]:	File 'virtual.abb.robotics.robots.rlf' is valid.
21-10-18 14:16:16:107	C:\BUILDAGENTS\AGENT-SEABB-IS-13900.2\_work\256\s\LicenseManager\LicenseManager.cpp,1268,[INFO]:	Read license file 'virtual.abb.robotics.robots.rlf'
21-10-18 14:16:16:118	C:\BUILDAGENTS\AGENT-SEABB-IS-13900.2\_work\256\s\DpManager\DpManagerRWI.cpp,609,[INFO]:	Current RWI versionName: '1.3.0'
21-10-18 14:16:16:118	C:\BUILDAGENTS\AGENT-SEABB-IS-13900.2\_work\256\s\DpManager\DpManagerRWI.cpp,620,[INFO]:	Current RWI version detail '1.3.0+59'
21-10-18 14:16:16:118	C:\BUILDAGENTS\AGENT-SEABB-IS-13900.2\_work\256\s\DpManager\DpManagerSystemCommon.cpp,519,[INFO]:	Product 'RobotControl' has dependency to RWI, versionMin: 1.3.0 and versionMax: 1.99999999.99999999, which is supported by current RWI version: '1.3.0+59'.
21-10-18 14:16:16:124	C:\BUILDAGENTS\AGENT-SEABB-IS-13900.2\_work\256\s\DpManager\DpManagerRWI.cpp,609,[INFO]:	Current RWI versionName: '1.3.0'
21-10-18 14:16:16:124	C:\BUILDAGENTS\AGENT-SEABB-IS-13900.2\_work\256\s\DpManager\DpManagerRWI.cpp,620,[INFO]:	Current RWI version detail '1.3.0+59'
21-10-18 14:16:16:124	C:\BUILDAGENTS\AGENT-SEABB-IS-13900.2\_work\256\s\DpManager\DpManagerSystemCommon.cpp,519,[INFO]:	Product 'RobotOS' has dependency to RWI, versionMin: 1.3.0 and versionMax: 1.99999999.99999999, which is supported by current RWI version: '1.3.0+59'.
21-10-18 14:16:16:124	C:\BUILDAGENTS\AGENT-SEABB-IS-13900.2\_work\256\s\DpManager\DpManagerSystemCommon.cpp,162,[INFO]:	Starting resolve dependencies. Current platform is 'vc', nr of products is 3.
21-10-18 14:16:16:124	C:\BUILDAGENTS\AGENT-SEABB-IS-13900.2\_work\256\s\DpManager\DpManagerSystemCommon.cpp,210,[INFO]:	Added RobotOS, version '3.1.0+0'. Number of products left is 2.
21-10-18 14:16:16:124	C:\BUILDAGENTS\AGENT-SEABB-IS-13900.2\_work\256\s\DpManager\DpManagerSystemCommon.cpp,250,[INFO]:	Dependency check to RobotOS.
21-10-18 14:16:16:124	C:\BUILDAGENTS\AGENT-SEABB-IS-13900.2\_work\256\s\DpManager\DpManagerSystemCommon.cpp,324,[INFO]:	Add product RobotControl. Nr of products left is 1.
21-10-18 14:16:16:124	C:\BUILDAGENTS\AGENT-SEABB-IS-13900.2\_work\256\s\DpManager\DpManagerSystemCommon.cpp,335,[INFO]:	Add all products that have only one dependency and it is RobotControl.
21-10-18 14:16:16:124	C:\BUILDAGENTS\AGENT-SEABB-IS-13900.2\_work\256\s\DpManager\DpManagerSystemCommon.cpp,352,[INFO]:	Only dependency on RobotControl. Add product 'Robots' to the sorted List.
21-10-18 14:16:16:124	C:\BUILDAGENTS\AGENT-SEABB-IS-13900.2\_work\256\s\DpManager\DpManagerSystemCommon.cpp,365,[INFO]:	No more products left to check dependency.
21-10-18 14:16:16:124	C:\BUILDAGENTS\AGENT-SEABB-IS-13900.2\_work\256\s\DpManager\DpManagerSystemCommon.cpp,472,[INFO]:	Done resolving dependencies, status = 0.
21-10-18 14:16:16:124	C:\BUILDAGENTS\AGENT-SEABB-IS-13900.2\_work\256\s\DpManager\DpManagerSysUpdate.cpp,1025,[INFO]:	Product root dir path 'C:/Users/grazianige/AppData/Local/ABB/RobotWare'. 
21-10-18 14:16:16:124	C:\BUILDAGENTS\AGENT-SEABB-IS-13900.2\_work\256\s\DpManager\DpManagerSystemCommon.cpp,1587,[INFO]:	S27 OS image path from boot info: C:/Users/grazianige/AppData/Local/ABB/RobotWare/RobotOS_3.1.0/S27.01/bin/s27.01.dll.
21-10-18 14:16:16:125	C:\BUILDAGENTS\AGENT-SEABB-IS-13900.2\_work\256\s\DpManager\FileManager.cpp,289,[INFO]:	Delete all files from the trash  starting, number of path = 1
21-10-18 14:16:16:125	C:\BUILDAGENTS\AGENT-SEABB-IS-13900.2\_work\256\s\DpManager\FileManager.cpp,299,[INFO]:	Create directory 'C:/Users/grazianige/Documents/RobotStudio/Solutions/myGofa/Virtual Controllers/CRB15000_5_95/internal/TEMP/TRASH'
21-10-18 14:16:16:125	C:\BUILDAGENTS\AGENT-SEABB-IS-13900.2\_work\256\s\DpManager\FileManager.cpp,165,[INFO]:	Moving: C:/Users/grazianige/Documents/RobotStudio/Solutions/myGofa/Virtual Controllers/CRB15000_5_95/internal/temp/INSTALLTEMP/LICENSE -> C:/Users/grazianige/Documents/RobotStudio/Solutions/myGofa/Virtual Controllers/CRB15000_5_95/internal/ctrldata/license
21-10-18 14:16:16:126	C:\BUILDAGENTS\AGENT-SEABB-IS-13900.2\_work\256\s\DpManager\FileManager.cpp,170,[WARN]:	rename failed at first try, errno=17!
21-10-18 14:16:16:126	C:\BUILDAGENTS\AGENT-SEABB-IS-13900.2\_work\256\s\DpManager\FileManager.cpp,461,[INFO]:	Moved to TRASH: C:/Users/grazianige/Documents/RobotStudio/Solutions/myGofa/Virtual Controllers/CRB15000_5_95/internal/ctrldata/license -> C:/Users/grazianige/Documents/RobotStudio/Solutions/myGofa/Virtual Controllers/CRB15000_5_95/internal/TEMP/TRASH/0_x_license
21-10-18 14:16:16:127	C:\BUILDAGENTS\AGENT-SEABB-IS-13900.2\_work\256\s\DpManager\FileManager.cpp,218,[INFO]:	Move OK!
21-10-18 14:16:16:127	C:\BUILDAGENTS\AGENT-SEABB-IS-13900.2\_work\256\s\DpManager\FileManager.cpp,165,[INFO]:	Moving: C:/Users/grazianige/Documents/RobotStudio/Solutions/myGofa/Virtual Controllers/CRB15000_5_95/internal/temp/prodlist.xml -> C:/Users/grazianige/Documents/RobotStudio/Solutions/myGofa/Virtual Controllers/CRB15000_5_95/internal/prodlist.xml
21-10-18 14:16:16:127	C:\BUILDAGENTS\AGENT-SEABB-IS-13900.2\_work\256\s\DpManager\FileManager.cpp,170,[WARN]:	rename failed at first try, errno=17!
21-10-18 14:16:16:127	C:\BUILDAGENTS\AGENT-SEABB-IS-13900.2\_work\256\s\DpManager\FileManager.cpp,461,[INFO]:	Moved to TRASH: C:/Users/grazianige/Documents/RobotStudio/Solutions/myGofa/Virtual Controllers/CRB15000_5_95/internal/prodlist.xml -> C:/Users/grazianige/Documents/RobotStudio/Solutions/myGofa/Virtual Controllers/CRB15000_5_95/internal/TEMP/TRASH/1_x_prodlist.xml
21-10-18 14:16:16:127	C:\BUILDAGENTS\AGENT-SEABB-IS-13900.2\_work\256\s\DpManager\FileManager.cpp,218,[INFO]:	Move OK!
21-10-18 14:16:16:127	C:\BUILDAGENTS\AGENT-SEABB-IS-13900.2\_work\256\s\DpManager\FileManager.cpp,165,[INFO]:	Moving: C:/Users/grazianige/Documents/RobotStudio/Solutions/myGofa/Virtual Controllers/CRB15000_5_95/internal/temp/BOOTAPP.CFG -> C:/Users/grazianige/Documents/RobotStudio/Solutions/myGofa/Virtual Controllers/CRB15000_5_95/internal/BOOT/BOOTAPP.CFG
21-10-18 14:16:16:128	C:\BUILDAGENTS\AGENT-SEABB-IS-13900.2\_work\256\s\DpManager\FileManager.cpp,170,[WARN]:	rename failed at first try, errno=17!
21-10-18 14:16:16:128	C:\BUILDAGENTS\AGENT-SEABB-IS-13900.2\_work\256\s\DpManager\FileManager.cpp,461,[INFO]:	Moved to TRASH: C:/Users/grazianige/Documents/RobotStudio/Solutions/myGofa/Virtual Controllers/CRB15000_5_95/internal/BOOT/BOOTAPP.CFG -> C:/Users/grazianige/Documents/RobotStudio/Solutions/myGofa/Virtual Controllers/CRB15000_5_95/internal/TEMP/TRASH/2_x_BOOTAPP.CFG
21-10-18 14:16:16:128	C:\BUILDAGENTS\AGENT-SEABB-IS-13900.2\_work\256\s\DpManager\FileManager.cpp,218,[INFO]:	Move OK!
21-10-18 14:16:16:128	C:\BUILDAGENTS\AGENT-SEABB-IS-13900.2\_work\256\s\DpManager\FileManager.cpp,165,[INFO]:	Moving: C:/Users/grazianige/Documents/RobotStudio/Solutions/myGofa/Virtual Controllers/CRB15000_5_95/TEMP/system.xml -> C:/Users/grazianige/Documents/RobotStudio/Solutions/myGofa/Virtual Controllers/CRB15000_5_95/system.xml
21-10-18 14:16:16:128	C:\BUILDAGENTS\AGENT-SEABB-IS-13900.2\_work\256\s\DpManager\FileManager.cpp,170,[WARN]:	rename failed at first try, errno=17!
21-10-18 14:16:16:129	C:\BUILDAGENTS\AGENT-SEABB-IS-13900.2\_work\256\s\DpManager\FileManager.cpp,461,[INFO]:	Moved to TRASH: C:/Users/grazianige/Documents/RobotStudio/Solutions/myGofa/Virtual Controllers/CRB15000_5_95/system.xml -> C:/Users/grazianige/Documents/RobotStudio/Solutions/myGofa/Virtual Controllers/CRB15000_5_95/internal/TEMP/TRASH/3_x_system.xml
21-10-18 14:16:16:129	C:\BUILDAGENTS\AGENT-SEABB-IS-13900.2\_work\256\s\DpManager\FileManager.cpp,218,[INFO]:	Move OK!
21-10-18 14:16:16:129	C:\BUILDAGENTS\AGENT-SEABB-IS-13900.2\_work\256\s\DpManager\FileManager.cpp,165,[INFO]:	Moving: C:/Users/grazianige/AppData/Local/Temp/tmpDAE1.tmp/CRB15000_5_95/controller.rsf -> C:/Users/grazianige/Documents/RobotStudio/Solutions/myGofa/Virtual Controllers/CRB15000_5_95/internal/controller.rsf
21-10-18 14:16:16:129	C:\BUILDAGENTS\AGENT-SEABB-IS-13900.2\_work\256\s\DpManager\FileManager.cpp,170,[WARN]:	rename failed at first try, errno=17!
21-10-18 14:16:16:130	C:\BUILDAGENTS\AGENT-SEABB-IS-13900.2\_work\256\s\DpManager\FileManager.cpp,461,[INFO]:	Moved to TRASH: C:/Users/grazianige/Documents/RobotStudio/Solutions/myGofa/Virtual Controllers/CRB15000_5_95/internal/controller.rsf -> C:/Users/grazianige/Documents/RobotStudio/Solutions/myGofa/Virtual Controllers/CRB15000_5_95/internal/TEMP/TRASH/4_x_controller.rsf
21-10-18 14:16:16:130	C:\BUILDAGENTS\AGENT-SEABB-IS-13900.2\_work\256\s\DpManager\FileManager.cpp,218,[INFO]:	Move OK!
21-10-18 14:16:16:131	C:\BUILDAGENTS\AGENT-SEABB-IS-13900.2\_work\256\s\DpManager\DpManagerUtility.cpp,1275,[INFO]:	Write return message to file 'C:/Users/grazianige/Documents/RobotStudio/Solutions/myGofa/Virtual Controllers/CRB15000_5_95/internal/inbox/message': messageStatus = 0 
21-10-18 14:16:16:147	C:\BUILDAGENTS\AGENT-SEABB-IS-13900.2\_work\256\s\VCInstaller\VCInstaller.cpp,699,[INFO]:	ApplyUpdatePackage status = 0
